Log file open, 04/27/18 23:49:33
LogWindows: Failed to load 'aqProf.dll' (GetLastError=126)
LogWindows: File 'aqProf.dll' does not exist
LogWindows: Failed to load 'VtuneApi.dll' (GetLastError=126)
LogWindows: File 'VtuneApi.dll' does not exist
LogWindows: Failed to load 'VtuneApi32e.dll' (GetLastError=126)
LogWindows: File 'VtuneApi32e.dll' does not exist
LogInit: Display: Running engine for game: SpaceShooterTemplate
LogPlatformFile: Not using cached read wrapper
LogInit: Display: RandInit(-1647497802) SRandInit(-1647497802).
LogInit: Read version file with build ID '3944462'
LogInit: Overriding engine version to CL 3989454, compatible CL 3944462
LogInit: Registered custom module enumerator with build ID '3944462'
LogTaskGraph: Started task graph with 5 named threads and 23 total threads with 3 sets of task threads.
LogStats: Stats thread started at 0.278816
LogD3D11RHI: Aftermath initialized
LogICUInternationalization: Display: ICU TimeZone Detection - Raw Offset: -5:00, Platform Override: ''
LogModuleManager: Display: Found up-to-date module file ../../../Engine/Plugins/2D/Paper2D/Binaries/Win64/UE4Editor-Paper2D.dll (API version 3944462).
LogModuleManager: Display: Found up-to-date module file ../../../Engine/Plugins/2D/Paper2D/Binaries/Win64/UE4Editor-Paper2DEditor.dll (API version 3944462).
LogModuleManager: Display: Found up-to-date module file ../../../Engine/Plugins/2D/Paper2D/Binaries/Win64/UE4Editor-PaperSpriteSheetImporter.dll (API version 3944462).
LogModuleManager: Display: Found up-to-date module file ../../../Engine/Plugins/2D/Paper2D/Binaries/Win64/UE4Editor-PaperTiledImporter.dll (API version 3944462).
LogModuleManager: Display: Found up-to-date module file ../../../Engine/Plugins/2D/Paper2D/Binaries/Win64/UE4Editor-SmartSnapping.dll (API version 3944462).
LogModuleManager: Display: Found up-to-date module file ../../../Engine/Plugins/Blendables/LightPropagationVolume/Binaries/Win64/UE4Editor-LightPropagationVolumeRuntime.dll (API version 3944462).
LogModuleManager: Display: Found up-to-date module file ../../../Engine/Plugins/Blendables/LightPropagationVolume/Binaries/Win64/UE4Editor-LightPropagationVolumeEditor.dll (API version 3944462).
LogModuleManager: Display: Found up-to-date module file ../../../Engine/Plugins/Developer/CLionSourceCodeAccess/Binaries/Win64/UE4Editor-CLionSourceCodeAccess.dll (API version 3944462).
LogModuleManager: Display: Found up-to-date module file ../../../Engine/Plugins/Developer/GitSourceControl/Binaries/Win64/UE4Editor-GitSourceControl.dll (API version 3944462).
LogModuleManager: Display: Found up-to-date module file ../../../Engine/Plugins/Developer/PerforceSourceControl/Binaries/Win64/UE4Editor-PerforceSourceControl.dll (API version 3944462).
LogModuleManager: Display: Found up-to-date module file ../../../Engine/Plugins/Developer/SubversionSourceControl/Binaries/Win64/UE4Editor-SubversionSourceControl.dll (API version 3944462).
LogModuleManager: Display: Found up-to-date module file ../../../Engine/Plugins/Developer/UObjectPlugin/Binaries/Win64/UE4Editor-UObjectPlugin.dll (API version 3944462).
LogModuleManager: Display: Found up-to-date module file ../../../Engine/Plugins/Developer/VisualStudioCodeSourceCodeAccess/Binaries/Win64/UE4Editor-VisualStudioCodeSourceCodeAccess.dll (API version 3944462).
LogModuleManager: Display: Found up-to-date module file ../../../Engine/Plugins/Developer/VisualStudioSourceCodeAccess/Binaries/Win64/UE4Editor-VisualStudioSourceCodeAccess.dll (API version 3944462).
LogModuleManager: Display: Found up-to-date module file ../../../Engine/Plugins/Editor/AssetManagerEditor/Binaries/Win64/UE4Editor-AssetManagerEditor.dll (API version 3944462).
LogModuleManager: Display: Found up-to-date module file ../../../Engine/Plugins/Editor/CryptoKeys/Binaries/Win64/UE4Editor-CryptoKeys.dll (API version 3944462).
LogModuleManager: Display: Found up-to-date module file ../../../Engine/Plugins/Editor/CryptoKeys/Binaries/Win64/UE4Editor-CryptoKeysOpenSSL.dll (API version 3944462).
LogModuleManager: Display: Found up-to-date module file ../../../Engine/Plugins/Editor/DataValidation/Binaries/Win64/UE4Editor-DataValidation.dll (API version 3944462).
LogModuleManager: Display: Found up-to-date module file ../../../Engine/Plugins/Editor/FacialAnimation/Binaries/Win64/UE4Editor-FacialAnimation.dll (API version 3944462).
LogModuleManager: Display: Found up-to-date module file ../../../Engine/Plugins/Editor/FacialAnimation/Binaries/Win64/UE4Editor-FacialAnimationEditor.dll (API version 3944462).
LogModuleManager: Display: Found up-to-date module file ../../../Engine/Plugins/Editor/GameplayTagsEditor/Binaries/Win64/UE4Editor-GameplayTagsEditor.dll (API version 3944462).
LogModuleManager: Display: Found up-to-date module file ../../../Engine/Plugins/Editor/MobileLauncherProfileWizard/Binaries/Win64/UE4Editor-MobileLauncherProfileWizard.dll (API version 3944462).
LogModuleManager: Display: Found up-to-date module file ../../../Engine/Plugins/Editor/PluginBrowser/Binaries/Win64/UE4Editor-PluginBrowser.dll (API version 3944462).
LogModuleManager: Display: Found up-to-date module file ../../../Engine/Plugins/Editor/SpeedTreeImporter/Binaries/Win64/UE4Editor-SpeedTreeImporter.dll (API version 3944462).
LogModuleManager: Display: Found up-to-date module file ../../../Engine/Plugins/Enterprise/DatasmithContent/Binaries/Win64/UE4Editor-DatasmithContent.dll (API version 3944462).
LogModuleManager: Display: Found up-to-date module file ../../../Engine/Plugins/Experimental/AlembicImporter/Binaries/Win64/UE4Editor-AlembicImporter.dll (API version 3944462).
LogModuleManager: Display: Found up-to-date module file ../../../Engine/Plugins/Experimental/AlembicImporter/Binaries/Win64/UE4Editor-AlembicLibrary.dll (API version 3944462).
LogModuleManager: Display: Found up-to-date module file ../../../Engine/Plugins/Experimental/CharacterAI/Binaries/Win64/UE4Editor-CharacterAI.dll (API version 3944462).
LogModuleManager: Display: Found up-to-date module file ../../../Engine/Plugins/Experimental/HTML5Networking/Binaries/Win64/UE4Editor-HTML5Networking.dll (API version 3944462).
LogModuleManager: Display: Found up-to-date module file ../../../Engine/Plugins/Media/AndroidMedia/Binaries/Win64/UE4Editor-AndroidMediaEditor.dll (API version 3944462).
LogModuleManager: Display: Found up-to-date module file ../../../Engine/Plugins/Media/AndroidMedia/Binaries/Win64/UE4Editor-AndroidMediaFactory.dll (API version 3944462).
LogModuleManager: Display: Found up-to-date module file ../../../Engine/Plugins/Media/AvfMedia/Binaries/Win64/UE4Editor-AvfMediaEditor.dll (API version 3944462).
LogModuleManager: Display: Found up-to-date module file ../../../Engine/Plugins/Media/AvfMedia/Binaries/Win64/UE4Editor-AvfMediaFactory.dll (API version 3944462).
LogModuleManager: Display: Found up-to-date module file ../../../Engine/Plugins/Media/AvfMedia/Binaries/Win64/UE4Editor-AvfMediaFactory.dll (API version 3944462).
LogModuleManager: Display: Found up-to-date module file ../../../Engine/Plugins/Media/ImgMedia/Binaries/Win64/UE4Editor-ImgMedia.dll (API version 3944462).
LogModuleManager: Display: Found up-to-date module file ../../../Engine/Plugins/Media/ImgMedia/Binaries/Win64/UE4Editor-ImgMediaEditor.dll (API version 3944462).
LogModuleManager: Display: Found up-to-date module file ../../../Engine/Plugins/Media/ImgMedia/Binaries/Win64/UE4Editor-ImgMediaFactory.dll (API version 3944462).
LogModuleManager: Display: Found up-to-date module file ../../../Engine/Plugins/Media/ImgMedia/Binaries/Win64/UE4Editor-ImgMediaFactory.dll (API version 3944462).
LogModuleManager: Display: Found up-to-date module file ../../../Engine/Plugins/Media/ImgMedia/Binaries/Win64/UE4Editor-OpenExrWrapper.dll (API version 3944462).
LogModuleManager: Display: Found up-to-date module file ../../../Engine/Plugins/Media/LinearTimecode/Binaries/Win64/UE4Editor-LinearTimecode.dll (API version 3944462).
LogModuleManager: Display: Found up-to-date module file ../../../Engine/Plugins/Media/MediaCompositing/Binaries/Win64/UE4Editor-MediaCompositing.dll (API version 3944462).
LogModuleManager: Display: Found up-to-date module file ../../../Engine/Plugins/Media/MediaCompositing/Binaries/Win64/UE4Editor-MediaCompositingEditor.dll (API version 3944462).
LogModuleManager: Display: Found up-to-date module file ../../../Engine/Plugins/Media/MediaPlayerEditor/Binaries/Win64/UE4Editor-MediaPlayerEditor.dll (API version 3944462).
LogModuleManager: Display: Found up-to-date module file ../../../Engine/Plugins/Media/WmfMedia/Binaries/Win64/UE4Editor-WmfMedia.dll (API version 3944462).
LogModuleManager: Display: Found up-to-date module file ../../../Engine/Plugins/Media/WmfMedia/Binaries/Win64/UE4Editor-WmfMediaEditor.dll (API version 3944462).
LogModuleManager: Display: Found up-to-date module file ../../../Engine/Plugins/Media/WmfMedia/Binaries/Win64/UE4Editor-WmfMediaFactory.dll (API version 3944462).
LogModuleManager: Display: Found up-to-date module file ../../../Engine/Plugins/Media/WmfMedia/Binaries/Win64/UE4Editor-WmfMediaFactory.dll (API version 3944462).
LogModuleManager: Display: Found up-to-date module file ../../../Engine/Plugins/Messaging/TcpMessaging/Binaries/Win64/UE4Editor-TcpMessaging.dll (API version 3944462).
LogModuleManager: Display: Found up-to-date module file ../../../Engine/Plugins/Messaging/UdpMessaging/Binaries/Win64/UE4Editor-UdpMessaging.dll (API version 3944462).
LogModuleManager: Display: Found up-to-date module file ../../../Engine/Plugins/MovieScene/ActorSequence/Binaries/Win64/UE4Editor-ActorSequence.dll (API version 3944462).
LogModuleManager: Display: Found up-to-date module file ../../../Engine/Plugins/MovieScene/LevelSequenceEditor/Binaries/Win64/UE4Editor-LevelSequenceEditor.dll (API version 3944462).
LogModuleManager: Display: Found up-to-date module file ../../../Engine/Plugins/MovieScene/MatineeToLevelSequence/Binaries/Win64/UE4Editor-MatineeToLevelSequence.dll (API version 3944462).
LogModuleManager: Display: Found up-to-date module file ../../../Engine/Plugins/NetcodeUnitTest/NetcodeUnitTest/Binaries/Win64/UE4Editor-NetcodeUnitTest.dll (API version 3944462).
LogModuleManager: Display: Found up-to-date module file ../../../Engine/Plugins/NetcodeUnitTest/NUTUnrealEngine4/Binaries/Win64/UE4Editor-NUTUnrealEngine4.dll (API version 3944462).
LogModuleManager: Display: Found up-to-date module file ../../../Engine/Plugins/Online/OnlineSubsystem/Binaries/Win64/UE4Editor-OnlineSubsystem.dll (API version 3944462).
LogModuleManager: Display: Found up-to-date module file ../../../Engine/Plugins/Runtime/AndroidPermission/Binaries/Win64/UE4Editor-AndroidPermission.dll (API version 3944462).
LogModuleManager: Display: Found up-to-date module file ../../../Engine/Plugins/Online/OnlineSubsystemNull/Binaries/Win64/UE4Editor-OnlineSubsystemNull.dll (API version 3944462).
LogModuleManager: Display: Found up-to-date module file ../../../Engine/Plugins/Online/OnlineSubsystemUtils/Binaries/Win64/UE4Editor-OnlineSubsystemUtils.dll (API version 3944462).
LogModuleManager: Display: Found up-to-date module file ../../../Engine/Plugins/Online/OnlineSubsystemUtils/Binaries/Win64/UE4Editor-OnlineBlueprintSupport.dll (API version 3944462).
LogModuleManager: Display: Found up-to-date module file ../../../Engine/Plugins/Runtime/AndroidDeviceProfileSelector/Binaries/Win64/UE4Editor-AndroidDeviceProfileSelector.dll (API version 3944462).
LogModuleManager: Display: Found up-to-date module file ../../../Engine/Plugins/Runtime/AppleARKit/Binaries/Win64/UE4Editor-AppleARKit.dll (API version 3944462).
LogModuleManager: Display: Found up-to-date module file ../../../Engine/Plugins/Runtime/ProceduralMeshComponent/Binaries/Win64/UE4Editor-ProceduralMeshComponent.dll (API version 3944462).
LogModuleManager: Display: Found up-to-date module file ../../../Engine/Plugins/Runtime/ProceduralMeshComponent/Binaries/Win64/UE4Editor-ProceduralMeshComponentEditor.dll (API version 3944462).
LogModuleManager: Display: Found up-to-date module file ../../../Engine/Plugins/Animation/LiveLink/Binaries/Win64/UE4Editor-LiveLink.dll (API version 3944462).
LogModuleManager: Display: Found up-to-date module file ../../../Engine/Plugins/Animation/LiveLink/Binaries/Win64/UE4Editor-LiveLinkEditor.dll (API version 3944462).
LogModuleManager: Display: Found up-to-date module file ../../../Engine/Plugins/Runtime/ArchVisCharacter/Binaries/Win64/UE4Editor-ArchVisCharacter.dll (API version 3944462).
LogModuleManager: Display: Found up-to-date module file ../../../Engine/Plugins/Runtime/AudioCapture/Binaries/Win64/UE4Editor-AudioCapture.dll (API version 3944462).
LogModuleManager: Display: Found up-to-date module file ../../../Engine/Plugins/Runtime/AudioCapture/Binaries/Win64/UE4Editor-AudioCaptureEditor.dll (API version 3944462).
LogModuleManager: Display: Found up-to-date module file ../../../Engine/Plugins/Runtime/CableComponent/Binaries/Win64/UE4Editor-CableComponent.dll (API version 3944462).
LogModuleManager: Display: Found up-to-date module file ../../../Engine/Plugins/Runtime/CustomMeshComponent/Binaries/Win64/UE4Editor-CustomMeshComponent.dll (API version 3944462).
LogModuleManager: Display: Found up-to-date module file ../../../Engine/Plugins/Runtime/ExampleDeviceProfileSelector/Binaries/Win64/UE4Editor-ExampleDeviceProfileSelector.dll (API version 3944462).
LogModuleManager: Display: Found up-to-date module file ../../../Engine/Plugins/Runtime/ImmediatePhysics/Binaries/Win64/UE4Editor-ImmediatePhysics.dll (API version 3944462).
LogModuleManager: Display: Found up-to-date module file ../../../Engine/Plugins/Runtime/ImmediatePhysics/Binaries/Win64/UE4Editor-ImmediatePhysicsEditor.dll (API version 3944462).
LogModuleManager: Display: Found up-to-date module file ../../../Engine/Plugins/Runtime/LocationServicesBPLibrary/Binaries/Win64/UE4Editor-LocationServicesBPLibrary.dll (API version 3944462).
LogModuleManager: Display: Found up-to-date module file ../../../Engine/Plugins/Runtime/MobilePatchingUtils/Binaries/Win64/UE4Editor-MobilePatchingUtils.dll (API version 3944462).
LogModuleManager: Display: Found up-to-date module file ../../../Engine/Plugins/Runtime/Oculus/OculusVR/Binaries/Win64/UE4Editor-OculusHMD.dll (API version 3944462).
LogModuleManager: Display: Found up-to-date module file ../../../Engine/Plugins/Runtime/Oculus/OculusVR/Binaries/Win64/UE4Editor-OculusInput.dll (API version 3944462).
LogModuleManager: Display: Found up-to-date module file ../../../Engine/Plugins/Runtime/Oculus/OculusVR/Binaries/Win64/UE4Editor-OculusEditor.dll (API version 3944462).
LogModuleManager: Display: Found up-to-date module file ../../../Engine/Plugins/Runtime/PhysXVehicles/Binaries/Win64/UE4Editor-PhysXVehicles.dll (API version 3944462).
LogModuleManager: Display: Found up-to-date module file ../../../Engine/Plugins/Runtime/PhysXVehicles/Binaries/Win64/UE4Editor-PhysXVehiclesEditor.dll (API version 3944462).
LogModuleManager: Display: Found up-to-date module file ../../../Engine/Plugins/Runtime/RuntimePhysXCooking/Binaries/Win64/UE4Editor-RuntimePhysXCooking.dll (API version 3944462).
LogModuleManager: Display: Found up-to-date module file ../../../Engine/Plugins/Runtime/Steam/SteamVR/Binaries/Win64/UE4Editor-SteamVR.dll (API version 3944462).
LogModuleManager: Display: Found up-to-date module file ../../../Engine/Plugins/Runtime/Steam/SteamVR/Binaries/Win64/UE4Editor-SteamVRController.dll (API version 3944462).
LogModuleManager: Display: Found up-to-date module file ../../../Engine/Plugins/Runtime/WindowsMoviePlayer/Binaries/Win64/UE4Editor-WindowsMoviePlayer.dll (API version 3944462).
LogPluginManager: Mounting plugin Paper2D
LogPluginManager: Mounting plugin LiveLink
LogPluginManager: Mounting plugin LightPropagationVolume
LogPluginManager: Mounting plugin CLionSourceCodeAccess
LogPluginManager: Mounting plugin CodeLiteSourceCodeAccess
LogPluginManager: Mounting plugin GitSourceControl
LogPluginManager: Mounting plugin KDevelopSourceCodeAccess
LogPluginManager: Mounting plugin NullSourceCodeAccess
LogPluginManager: Mounting plugin PerforceSourceControl
LogPluginManager: Mounting plugin SubversionSourceControl
LogPluginManager: Mounting plugin UObjectPlugin
LogPluginManager: Mounting plugin VisualStudioCodeSourceCodeAccess
LogPluginManager: Mounting plugin VisualStudioSourceCodeAccess
LogPluginManager: Mounting plugin XCodeSourceCodeAccess
LogPluginManager: Mounting plugin AssetManagerEditor
LogPluginManager: Mounting plugin CryptoKeys
LogPluginManager: Mounting plugin DataValidation
LogPluginManager: Mounting plugin FacialAnimation
LogPluginManager: Mounting plugin GameplayTagsEditor
LogPluginManager: Mounting plugin MobileLauncherProfileWizard
LogPluginManager: Mounting plugin PluginBrowser
LogPluginManager: Mounting plugin SpeedTreeImporter
LogPluginManager: Mounting plugin DatasmithContent
LogPluginManager: Mounting plugin AlembicImporter
LogPluginManager: Mounting plugin CharacterAI
LogPluginManager: Mounting plugin HTML5Networking
LogPluginManager: Mounting plugin AndroidMedia
LogPluginManager: Mounting plugin AvfMedia
LogPluginManager: Mounting plugin ImgMedia
LogPluginManager: Mounting plugin LinearTimecode
LogPluginManager: Mounting plugin MediaCompositing
LogPluginManager: Mounting plugin MediaPlayerEditor
LogPluginManager: Mounting plugin WmfMedia
LogPluginManager: Mounting plugin TcpMessaging
LogPluginManager: Mounting plugin UdpMessaging
LogPluginManager: Mounting plugin ActorSequence
LogPluginManager: Mounting plugin LevelSequenceEditor
LogPluginManager: Mounting plugin MatineeToLevelSequence
LogPluginManager: Mounting plugin NetcodeUnitTest
LogPluginManager: Mounting plugin NUTUnrealEngine4
LogPluginManager: Mounting plugin OnlineSubsystemGooglePlay
LogPluginManager: Mounting plugin OnlineSubsystemIOS
LogPluginManager: Mounting plugin OnlineSubsystem
LogPluginManager: Mounting plugin OnlineSubsystemNull
LogPluginManager: Mounting plugin OnlineSubsystemUtils
LogPluginManager: Mounting plugin AndroidDeviceProfileSelector
LogPluginManager: Mounting plugin AndroidMoviePlayer
LogPluginManager: Mounting plugin AndroidPermission
LogPluginManager: Mounting plugin AppleARKit
LogPluginManager: Mounting plugin AppleMoviePlayer
LogPluginManager: Mounting plugin ArchVisCharacter
LogPluginManager: Mounting plugin AudioCapture
LogPluginManager: Mounting plugin CableComponent
LogPluginManager: Mounting plugin CustomMeshComponent
LogPluginManager: Mounting plugin ExampleDeviceProfileSelector
LogPluginManager: Mounting plugin GoogleCloudMessaging
LogPluginManager: Mounting plugin ImmediatePhysics
LogPluginManager: Mounting plugin IOSDeviceProfileSelector
LogPluginManager: Mounting plugin LinuxDeviceProfileSelector
LogPluginManager: Mounting plugin LocationServicesBPLibrary
LogPluginManager: Mounting plugin MobilePatchingUtils
LogPluginManager: Mounting plugin OculusVR
LogPluginManager: Plugin shader directory ../../../Engine/Plugins/Runtime/Oculus/OculusVR/Shaders found
LogPluginManager: Mapping shader source directory ../../../Engine/Plugins/Runtime/Oculus/OculusVR/Shaders to virtual directory /Plugin/OculusVR
LogPluginManager: Mounting plugin PhysXVehicles
LogPluginManager: Mounting plugin ProceduralMeshComponent
LogPluginManager: Mounting plugin RuntimePhysXCooking
LogPluginManager: Mounting plugin SteamVR
LogPluginManager: Mounting plugin WindowsMoviePlayer
LogStreaming: Display: Took  1.057s to configure plugins.
LogInit: Using libcurl 7.47.1
LogInit:  - built for x86_64-pc-win32
LogInit:  - supports SSL with OpenSSL/1.0.2g
LogInit:  - supports HTTP deflate (compression) using libz 1.2.8
LogInit:  - other features:
LogInit:      CURL_VERSION_SSL
LogInit:      CURL_VERSION_LIBZ
LogInit:      CURL_VERSION_IPV6
LogInit:      CURL_VERSION_ASYNCHDNS
LogInit:      CURL_VERSION_LARGEFILE
LogInit:      CURL_VERSION_IDN
LogInit:  CurlRequestOptions (configurable via config and command line):
LogInit:  - bVerifyPeer = false  - Libcurl will NOT verify peer certificate
LogInit:  - bUseHttpProxy = false  - Libcurl will NOT use HTTP proxy
LogInit:  - bDontReuseConnections = false  - Libcurl will reuse connections
LogInit:  - CertBundlePath = nullptr  - Libcurl will use whatever was configured at build time.
LogInit:  - MaxHostConnections = 16  - Libcurl will limit the number of connections to a host
LogInit:  - LocalHostAddr = Default
LogInit: WinSock: version 1.1 (2.2), MaxSocks=32767, MaxUdp=65467
LogInit: WinSock: I am SuperBeast (192.168.0.6:0)
LogInit: Build: ++UE4+Release-4.19-CL-3989454
LogInit: Engine Version: 4.19.1-3989454+++UE4+Release-4.19
LogInit: Compatible Engine Version: 4.19.0-3944462+++UE4+Release-4.19
LogInit: Net CL: 3944462
LogDevObjectVersion: Number of dev versions registered: 18
LogDevObjectVersion:   Dev-Blueprints (B0D832E4-1F89-4F0D-ACCF-7EB736FD4AA2): 10
LogDevObjectVersion:   Dev-Build (E1C64328-A22C-4D53-A36C-8E866417BD8C): 0
LogDevObjectVersion:   Dev-Core (375EC13C-06E4-48FB-B500-84F0262A717E): 2
LogDevObjectVersion:   Dev-Editor (E4B068ED-F494-42E9-A231-DA0B2E46BB41): 23
LogDevObjectVersion:   Dev-Framework (CFFC743F-43B0-4480-9391-14DF171D2073): 33
LogDevObjectVersion:   Dev-Mobile (B02B49B5-BB20-44E9-A304-32B752E40360): 2
LogDevObjectVersion:   Dev-Networking (A4E4105C-59A1-49B5-A7C5-40C4547EDFEE): 0
LogDevObjectVersion:   Dev-Online (39C831C9-5AE6-47DC-9A44-9C173E1C8E7C): 0
LogDevObjectVersion:   Dev-Physics (78F01B33-EBEA-4F98-B9B4-84EACCB95AA2): 0
LogDevObjectVersion:   Dev-Platform (6631380F-2D4D-43E0-8009-CF276956A95A): 0
LogDevObjectVersion:   Dev-Rendering (12F88B9F-8875-4AFC-A67C-D90C383ABD29): 25
LogDevObjectVersion:   Dev-Sequencer (7B5AE74C-D270-4C10-A958-57980B212A5A): 6
LogDevObjectVersion:   Dev-VR (D7296918-1DD6-4BDD-9DE2-64A83CC13884): 1
LogDevObjectVersion:   Dev-LoadTimes (C2A15278-BFE7-4AFE-6C17-90FF531DF755): 1
LogDevObjectVersion:   Private-Geometry (6EACA3D4-40EC-4CC1-B786-8BED09428FC5): 2
LogDevObjectVersion:   Dev-AnimPhys (29E575DD-E0A3-4627-9D10-D276232CDCEA): 16
LogDevObjectVersion:   Dev-ReflectionCapture (6B266CEC-1EC7-4B8F-A30B-E4D90942FC07): 1
LogDevObjectVersion:   Dev-Automation (0DF73D61-A23F-47EA-B727-89E90C41499A): 1
LogInit: Compiled (64-bit): Apr  6 2018 12:26:04
LogInit: Compiled with Visual C++: 19.00.24215.01
LogInit: Build Configuration: Development
LogInit: Branch Name: ++UE4+Release-4.19
LogInit: Command Line:  
LogInit: Base Directory: C:/Program Files/Epic Games/UE_4.19/Engine/Binaries/Win64/
LogInit: Installed Engine Build: 1
LogStreaming: Display: Took  0.001s to delete old logs.
LogInit: Presizing for max 8388607 objects, including 0 objects not considered by GC, pre-allocating 0 bytes for permanent pool.
LogInit: Object subsystem initialized
[2018.04.28-03.49.34:827][  0]LogInit: Selected Device Profile: [Windows]
[2018.04.28-03.49.34:827][  0]LogInit: Applying CVar settings loaded from the selected device profile: [Windows]
[2018.04.28-03.49.34:841][  0]LogInit: Computer: SUPERBEAST
[2018.04.28-03.49.34:841][  0]LogInit: User: MaximusLitvinov
[2018.04.28-03.49.34:841][  0]LogInit: CPU Page size=4096, Cores=4
[2018.04.28-03.49.34:841][  0]LogInit: High frequency timer resolution =2.435775 MHz
[2018.04.28-03.49.34:841][  0]LogMemory: Memory total: Physical=15.9GB (16GB approx)
[2018.04.28-03.49.34:841][  0]LogMemory: Platform Memory Stats for Windows
[2018.04.28-03.49.34:841][  0]LogMemory: Process Physical Memory: 276.99 MB used, 276.99 MB peak
[2018.04.28-03.49.34:841][  0]LogMemory: Process Virtual Memory: 264.97 MB used, 264.97 MB peak
[2018.04.28-03.49.34:841][  0]LogMemory: Physical Memory: 6820.41 MB used,  9444.61 MB free, 16265.02 MB total
[2018.04.28-03.49.34:841][  0]LogMemory: Virtual Memory: 698.36 MB used,  9444.61 MB free, 134217728.00 MB total
[2018.04.28-03.49.34:857][  0]LogInit: Using OS detected language (en-US).
[2018.04.28-03.49.34:857][  0]LogInit: Using OS detected locale (en-US).
[2018.04.28-03.49.34:860][  0]LogTextLocalizationManager: No specific localization for 'en-US' exists, so the 'en' localization will be used.
[2018.04.28-03.49.35:333][  0]LogStreaming: Display: Took  0.476s to EndInitTextLocalization.
[2018.04.28-03.49.35:334][  0]LogInit: Setting process to per monitor DPI aware
[2018.04.28-03.49.35:385][  0]LogSlate: New Slate User Created.  User Index 0, Is Virtual User: 0
[2018.04.28-03.49.35:385][  0]LogSlate: Slate User Registered.  User Index 0, Is Virtual User: 0
[2018.04.28-03.49.35:629][  0]LogD3D11RHI: D3D11 adapters:
[2018.04.28-03.49.35:640][  0]LogD3D11RHI:    0. 'AMD Radeon R9 M290X' (Feature Level 11_0)
[2018.04.28-03.49.35:640][  0]LogD3D11RHI:       4074/0/8132 MB DedicatedVideo/DedicatedSystem/SharedSystem, Outputs:2, VendorId:0x1002
[2018.04.28-03.49.35:645][  0]LogD3D11RHI:    1. 'Intel(R) HD Graphics 4600' (Feature Level 11_0)
[2018.04.28-03.49.35:645][  0]LogD3D11RHI:       112/0/2048 MB DedicatedVideo/DedicatedSystem/SharedSystem, Outputs:0, VendorId:0x8086
[2018.04.28-03.49.35:648][  0]LogD3D11RHI:    2. 'Microsoft Basic Render Driver' (Feature Level 11_0)
[2018.04.28-03.49.35:648][  0]LogD3D11RHI:       0/0/8132 MB DedicatedVideo/DedicatedSystem/SharedSystem, Outputs:0, VendorId:0x1414
[2018.04.28-03.49.35:648][  0]LogD3D11RHI: Chosen D3D11 Adapter: 0
[2018.04.28-03.49.35:655][  0]LogD3D11RHI: Creating new Direct3DDevice
[2018.04.28-03.49.35:655][  0]LogD3D11RHI:     GPU DeviceId: 0x6801 (for the marketing name, search the web for "GPU Device Id")
[2018.04.28-03.49.35:655][  0]LogWindows: EnumDisplayDevices:
[2018.04.28-03.49.35:656][  0]LogWindows:    0. 'Intel(R) HD Graphics 4600' (P:1 D:1)
[2018.04.28-03.49.35:656][  0]LogWindows:    1. 'Intel(R) HD Graphics 4600' (P:0 D:1)
[2018.04.28-03.49.35:656][  0]LogWindows:    2. 'Intel(R) HD Graphics 4600' (P:0 D:0)
[2018.04.28-03.49.35:656][  0]LogWindows:    3. 'AMD Radeon R9 M290X' (P:0 D:0)
[2018.04.28-03.49.35:656][  0]LogWindows:    4. 'AMD Radeon R9 M290X' (P:0 D:0)
[2018.04.28-03.49.35:656][  0]LogWindows:    5. 'AMD Radeon R9 M290X' (P:0 D:0)
[2018.04.28-03.49.35:656][  0]LogWindows:    6. 'AMD Radeon R9 M290X' (P:0 D:0)
[2018.04.28-03.49.35:656][  0]LogWindows:    7. 'AMD Radeon R9 M290X' (P:0 D:0)
[2018.04.28-03.49.35:657][  0]LogWindows:    8. 'AMD Radeon R9 M290X' (P:0 D:0)
[2018.04.28-03.49.35:657][  0]LogWindows: DebugString: GetVideoDriverDetailsInvalid PrimaryIsNotTheChoosenAdapter GetVideoDriverDetailsInvalid PrimaryIsNotTheChoosenAdapter GetVideoDriverDetailsInvalid PrimaryIsNotTheChoosenAdapter GetVideoDriverDetailsInvalid PrimaryIsNotTheChoosenAdapter GetVideoDriverDetailsInvalid PrimaryIsNotTheChoosenAdapter GetVideoDriverDetailsInvalid PrimaryIsNotTheChoosenAdapter GetVideoDriverDetailsInvalid PrimaryIsNotTheChoosenAdapter GetVideoDriverDetailsInvalid PrimaryIsNotTheChoosenAdapter GetVideoDriverDetailsInvalid PrimaryIsNotTheChoosenAdapter FoundDriverCount:0 
[2018.04.28-03.49.35:657][  0]LogD3D11RHI:     Adapter Name: AMD Radeon R9 M290X
[2018.04.28-03.49.35:657][  0]LogD3D11RHI:   Driver Version: Unknown (internal:Unknown, unified:Unknown)
[2018.04.28-03.49.35:657][  0]LogD3D11RHI:      Driver Date: Unknown
[2018.04.28-03.49.35:657][  0]LogRHI: Texture pool is 2852 MB (70% of 4074 MB)
[2018.04.28-03.49.35:675][  0]LogD3D11RHI: Async texture creation enabled
[2018.04.28-03.49.35:689][  0]LogD3D11RHI: GPU Timing Frequency: 27.000000 (Debug: 2 1)
[2018.04.28-03.49.35:690][  0]LogShaderCompilers: Guid format shader working directory is -4 characters bigger than the processId version (../../../../../../Development/Udemy/UE4/SpaceShooterTemplate/Intermediate/Shaders/WorkingDirectory/16564/).
[2018.04.28-03.49.35:690][  0]LogShaderCompilers: Cleaned the shader compiler working directory 'C:/Users/Maximus Litvinov/AppData/Local/Temp/UnrealShaderWorkingDir/26B8CEBF459835113A0EC9A2405730D7/'.
[2018.04.28-03.49.35:932][  0]LogTemp: Display: Loaded TP AllDesktopTargetPlatform
[2018.04.28-03.49.35:946][  0]LogTemp: Display: Loaded TP MacClientTargetPlatform
[2018.04.28-03.49.35:960][  0]LogTemp: Display: Loaded TP MacNoEditorTargetPlatform
[2018.04.28-03.49.35:976][  0]LogTemp: Display: Loaded TP MacServerTargetPlatform
[2018.04.28-03.49.35:991][  0]LogTemp: Display: Loaded TP MacTargetPlatform
[2018.04.28-03.49.36:005][  0]LogTemp: Display: Loaded TP WindowsClientTargetPlatform
[2018.04.28-03.49.36:020][  0]LogTemp: Display: Loaded TP WindowsNoEditorTargetPlatform
[2018.04.28-03.49.36:035][  0]LogTemp: Display: Loaded TP WindowsServerTargetPlatform
[2018.04.28-03.49.36:043][  0]LogTemp: Display: Loaded TP WindowsTargetPlatform
[2018.04.28-03.49.36:056][  0]LogTemp: Display: Loaded TP Android_ASTCTargetPlatform
[2018.04.28-03.49.36:068][  0]LogTemp: Display: Loaded TP Android_ATCTargetPlatform
[2018.04.28-03.49.36:081][  0]LogTemp: Display: Loaded TP Android_DXTTargetPlatform
[2018.04.28-03.49.36:093][  0]LogTemp: Display: Loaded TP Android_ETC1aTargetPlatform
[2018.04.28-03.49.36:106][  0]LogTemp: Display: Loaded TP Android_ETC1TargetPlatform
[2018.04.28-03.49.36:118][  0]LogTemp: Display: Loaded TP Android_ETC2TargetPlatform
[2018.04.28-03.49.36:144][  0]LogTemp: Display: Loaded TP Android_MultiTargetPlatform
[2018.04.28-03.49.36:144][  0]LogTemp: Display: Loaded TP Android_PVRTCTargetPlatform
[2018.04.28-03.49.36:157][  0]LogTemp: Display: Loaded TP AndroidTargetPlatform
[2018.04.28-03.49.36:159][  0]LogTemp: Display: Loaded TP HTML5TargetPlatform
[2018.04.28-03.49.36:197][  0]LogTemp: Display: Loaded TP IOSTargetPlatform
[2018.04.28-03.49.36:209][  0]LogTemp: Display: Loaded TP TVOSTargetPlatform
[2018.04.28-03.49.36:222][  0]LogTemp: Display: Loaded TP LinuxClientTargetPlatform
[2018.04.28-03.49.36:235][  0]LogTemp: Display: Loaded TP LinuxNoEditorTargetPlatform
[2018.04.28-03.49.36:248][  0]LogTemp: Display: Loaded TP LinuxServerTargetPlatform
[2018.04.28-03.49.36:261][  0]LogTemp: Display: Loaded TP LinuxTargetPlatform
[2018.04.28-03.49.36:261][  0]LogTargetPlatformManager: Display: Building Assets For Windows
[2018.04.28-03.49.36:382][  0]LogXGEController: Cannot use XGE Controller as Incredibuild is not installed on this machine.
[2018.04.28-03.49.36:382][  0]LogShaderCompilers: Cannot use XGE Shader Compiler as Incredibuild is not installed on this machine.
[2018.04.28-03.49.36:382][  0]LogShaderCompilers: Display: Using Local Shader Compiler.
[2018.04.28-03.49.37:160][  0]LogDerivedDataCache: Display: Max Cache Size: 512 MB
[2018.04.28-03.49.37:244][  0]LogDerivedDataCache: Loaded boot cache 0.08s 74MB C:/Users/Maximus Litvinov/AppData/Local/UnrealEngine/4.19/DerivedDataCache/Boot.ddc.
[2018.04.28-03.49.37:244][  0]LogDerivedDataCache: Display: Loaded Boot cache: C:/Users/Maximus Litvinov/AppData/Local/UnrealEngine/4.19/DerivedDataCache/Boot.ddc
[2018.04.28-03.49.37:244][  0]LogDerivedDataCache: FDerivedDataBackendGraph:  Pak pak cache file ../../../../../../Development/Udemy/UE4/SpaceShooterTemplate/DerivedDataCache/DDC.ddp not found, will not use a pak cache.
[2018.04.28-03.49.37:244][  0]LogDerivedDataCache: Unable to find inner node Pak for hierarchical cache Hierarchy.
[2018.04.28-03.49.37:244][  0]LogDerivedDataCache: FDerivedDataBackendGraph:  CompressedPak pak cache file ../../../../../../Development/Udemy/UE4/SpaceShooterTemplate/DerivedDataCache/Compressed.ddp not found, will not use a pak cache.
[2018.04.28-03.49.37:244][  0]LogDerivedDataCache: Unable to find inner node CompressedPak for hierarchical cache Hierarchy.
[2018.04.28-03.49.37:267][  0]LogDerivedDataCache: Display: Pak cache opened for reading ../../../Engine/DerivedDataCache/Compressed.ddp.
[2018.04.28-03.49.37:280][  0]LogDerivedDataCache: Using Local data cache path C:/Users/Maximus Litvinov/AppData/Local/UnrealEngine/Common/DerivedDataCache: Writable
[2018.04.28-03.49.37:299][  0]LogMaterial: Verifying Global Shaders for PCD3D_SM5
[2018.04.28-03.49.37:299][  0]LogSlate: Using Freetype 2.6.0
[2018.04.28-03.49.37:300][  0]LogSlate: SlateFontCache - WITH_FREETYPE: 1, WITH_HARFBUZZ: 1
[2018.04.28-03.49.37:300][  0]LogSlate: SlateFontCache - WITH_FREETYPE: 1, WITH_HARFBUZZ: 1
[2018.04.28-03.49.37:469][  0]LogAssetRegistry: FAssetRegistry took 0.0304 seconds to start up
[2018.04.28-03.49.37:895][  0]LogInit: Selected Device Profile: [Windows]
[2018.04.28-03.49.38:065][  0]LogSimplygon: Simplygon DLL not present - disabling.
[2018.04.28-03.49.38:069][  0]LogMeshReduction: Using SimplygonSwarm for distributed automatic mesh merging
[2018.04.28-03.49.38:069][  0]LogMeshReduction: Using QuadricMeshReduction for automatic static mesh reduction
[2018.04.28-03.49.38:069][  0]LogMeshReduction: No automatic skeletal mesh reduction module available
[2018.04.28-03.49.38:069][  0]LogMeshReduction: No automatic mesh merging module available
[2018.04.28-03.49.38:069][  0]LogMeshMerging: No automatic mesh merging module available
[2018.04.28-03.49.38:114][  0]LogNetVersion: SpaceShooterTemplate , NetCL: 3944462, EngineNetVer: 2, GameNetVer: 0 (Checksum: 318975527)
[2018.04.28-03.49.38:600][  0]LogPackageLocalizationCache: Processed 9 localized package path(s) for 2 prioritized culture(s) in 0.087110 seconds
[2018.04.28-03.49.38:607][  0]LogUObjectArray: 36728 objects as part of root set at end of initial load.
[2018.04.28-03.49.38:607][  0]LogUObjectAllocator: 7314312 out of 0 bytes used by permanent object pool.
[2018.04.28-03.49.38:607][  0]LogUObjectArray: CloseDisregardForGC: 0/0 objects in disregard for GC pool
[2018.04.28-03.49.40:270][  0]LogTcpMessaging: Initializing TcpMessaging bridge
[2018.04.28-03.49.40:300][  0]LogUdpMessaging: Initializing bridge on interface 0.0.0.0:0 to multicast group 230.0.0.1:6666.
[2018.04.28-03.49.40:671][  0]SourceControl: Source control is disabled
[2018.04.28-03.49.40:671][  0]SourceControl: Source control is disabled
[2018.04.28-03.49.40:690][  0]SourceControl: Source control is disabled
[2018.04.28-03.49.40:709][  0]SourceControl: Source control is disabled
[2018.04.28-03.49.41:216][  0]LogAndroidPermission: UAndroidPermissionCallbackProxy::GetInstance
[2018.04.28-03.49.41:388][  0]LogOcInput: OculusInput pre-init called
[2018.04.28-03.49.41:504][  0]LogEngine: Initializing Engine...
[2018.04.28-03.49.41:505][  0]LogHMD: Failed to initialize OpenVR with code 110
[2018.04.28-03.49.41:507][  0]LogStats: UGameplayTagsManager::ConstructGameplayTagTree: Construct from data asset -  0.000 s
[2018.04.28-03.49.41:507][  0]LogStats: UGameplayTagsManager::ConstructGameplayTagTree: GameplayTagTreeChangedEvent.Broadcast -  0.000 s
[2018.04.28-03.49.41:726][  0]LogAIModule: Creating AISystem for world Untitled
[2018.04.28-03.49.41:759][  0]LogInit: XAudio2 using 'Speakers (Realtek High Definition Audio)' : 2 channels at 48 kHz using 32 bits per sample (channel mask 0x3)
[2018.04.28-03.49.41:794][  0]LogInit: FAudioDevice initialized.
[2018.04.28-03.49.41:972][  0]LogDerivedDataCache: Saved boot cache 0.18s 74MB C:/Users/Maximus Litvinov/AppData/Local/UnrealEngine/4.19/DerivedDataCache/Boot.ddc.
[2018.04.28-03.49.41:988][  0]LogInit: Texture streaming: Enabled
[2018.04.28-03.49.42:006][  0]LogEngineSessionManager: EngineSessionManager initialized
[2018.04.28-03.49.42:024][  0]LogInit: Transaction tracking system initialized
[2018.04.28-03.49.42:050][  0]BlueprintLog: New page: Editor Load
[2018.04.28-03.49.42:134][  0]LocalizationService: Localization service is disabled
[2018.04.28-03.49.42:247][  0]LogConsoleResponse: Display: 
[2018.04.28-03.49.42:392][  0]LogCook: Display: Max memory allowance for cook 16384mb min free memory 0mb
[2018.04.28-03.49.42:393][  0]LogCook: Display: Mobile HDR setting 1
[2018.04.28-03.49.42:393][  0]LogGameplayTags: Display: UGameplayTagsManager::DoneAddingNativeTags. DelegateIsBound: 0
[2018.04.28-03.49.42:393][  0]LogStats: UGameplayTagsManager::ConstructGameplayTagTree: Construct from data asset -  0.000 s
[2018.04.28-03.49.42:393][  0]LogStats: UGameplayTagsManager::ConstructGameplayTagTree: GameplayTagTreeChangedEvent.Broadcast -  0.000 s
[2018.04.28-03.49.42:447][  0]LogFileCache: Scanning file cache for directory 'C:/Development/Udemy/UE4/SpaceShooterTemplate/Content/' took 0.01s
[2018.04.28-03.49.42:784][  0]SourceControl: Source control is disabled
[2018.04.28-03.49.42:784][  0]Cmd: MAP LOAD FILE="../../../../../../Development/Udemy/UE4/SpaceShooterTemplate/Content/Maps/Main.umap" TEMPLATE=0 SHOWPROGRESS=1 FEATURELEVEL=3
[2018.04.28-03.49.42:784][  0]LightingResults: New page: Lighting Build
[2018.04.28-03.49.42:787][  0]MapCheck: New page: Map Check
[2018.04.28-03.49.42:787][  0]LightingResults: New page: Lighting Build
[2018.04.28-03.49.42:801][  0]LogAIModule: Creating AISystem for world Main
[2018.04.28-03.49.42:802][  0]LogEditorServer: Finished looking for orphan Actors (0.000 secs)
[2018.04.28-03.49.42:813][  0]Cmd: MAP CHECKDEP NOCLEARLOG
[2018.04.28-03.49.42:865][  0]MapCheck: Map check complete: 0 Error(s), 0 Warning(s), took 51.867ms to complete.
[2018.04.28-03.49.42:865][  0]LogFileHelpers: Loading map 'Main' took 0.081
[2018.04.28-03.49.43:028][  0]LogCollectionManager: Loaded 0 collections in 0.003570 seconds
[2018.04.28-03.49.43:076][  0]LogFileCache: Scanning file cache for directory 'C:/Development/Udemy/UE4/SpaceShooterTemplate/Saved/Collections/' took 0.01s
[2018.04.28-03.49.43:076][  0]LogFileCache: Scanning file cache for directory 'C:/Development/Udemy/UE4/SpaceShooterTemplate/Content/Developers/MaximusLitvinov/Collections/' took 0.01s
[2018.04.28-03.49.43:076][  0]LogFileCache: Scanning file cache for directory 'C:/Development/Udemy/UE4/SpaceShooterTemplate/Content/Collections/' took 0.01s
[2018.04.28-03.49.43:076][  0]LogCollectionManager: Rebuilt the GUID cache for 0 collections in 0.000001 seconds
[2018.04.28-03.49.43:086][  0]LogContentBrowser: Native class hierarchy populated in 0.0092 seconds. Added 2452 classes and 558 folders.
[2018.04.28-03.49.43:097][  0]LogContentBrowser: Native class hierarchy updated for 'WidgetCarousel' in 0.0003 seconds. Added 0 classes and 0 folders.
[2018.04.28-03.49.43:147][  0]LogContentBrowser: Native class hierarchy updated for 'AddContentDialog' in 0.0002 seconds. Added 0 classes and 0 folders.
[2018.04.28-03.49.43:153][  0]LogContentBrowser: Native class hierarchy updated for 'SceneOutliner' in 0.0003 seconds. Added 1 classes and 2 folders.
[2018.04.28-03.49.43:171][  0]LogSlate: Took 0.000167 seconds to synchronously load lazily loaded font '../../../Engine/Content/Slate/Fonts/Roboto-Regular.ttf' (155K)
[2018.04.28-03.49.43:173][  0]LogSlate: Took 0.000181 seconds to synchronously load lazily loaded font '../../../Engine/Content/Slate/Fonts/Roboto-Bold.ttf' (160K)
[2018.04.28-03.49.43:178][  0]LogSlate: Took 0.000192 seconds to synchronously load lazily loaded font '../../../Engine/Content/Editor/Slate/Fonts/FontAwesome.ttf' (139K)
[2018.04.28-03.49.43:290][  0]LogRenderer: Reallocating scene render targets to support 1208x576 Format 10 NumSamples 1 (Frame:1).
[2018.04.28-03.49.43:704][  0]LogSlate: Took 0.000168 seconds to synchronously load lazily loaded font '../../../Engine/Content/Slate/Fonts/Roboto-Light.ttf' (167K)
[2018.04.28-03.49.43:825][  0]LogContentBrowser: Native class hierarchy updated for 'HierarchicalLODOutliner' in 0.0003 seconds. Added 0 classes and 0 folders.
[2018.04.28-03.49.43:825][  0]LogLoad: (Engine Initialization) Total time: 11.47 seconds
[2018.04.28-03.49.43:825][  0]LogLoad: (Engine Initialization) Total Blueprint compile time: 0.00 seconds
[2018.04.28-03.49.43:843][  0]LogWindowsTextInputMethodSystem: Display: IME system now deactivated.
[2018.04.28-03.49.43:862][  0]LogContentStreaming: Texture pool size now 1000 MB
[2018.04.28-03.49.43:926][  1]LogAssetRegistry: Asset discovery search completed in 6.4791 seconds
[2018.04.28-03.49.43:928][  1]LogCollectionManager: Rebuilt the object cache for 0 collections in 0.000000 seconds (found 0 objects)
[2018.04.28-03.49.43:928][  1]LogCollectionManager: Fixed up redirectors for 0 collections in 0.000081 seconds (updated 0 objects)
[2018.04.28-03.49.52:744][528]LogSlate: FSceneViewport::OnFocusLost() reason 0
[2018.04.28-03.49.52:920][538]LogSlate: Took 0.000212 seconds to synchronously load lazily loaded font '../../../Engine/Content/Slate/Fonts/Roboto-Light.ttf' (167K)
[2018.04.28-03.56.12:891][922]LogSlate: FSceneViewport::OnFocusLost() reason 0
[2018.04.28-03.56.23:112][479]LogSlate: FSceneViewport::OnFocusLost() reason 2
[2018.04.28-03.56.46:457][780]LogSlate: Window 'Color Picker' being destroyed
[2018.04.28-03.57.02:406][700]LogSlate: Took 0.000298 seconds to synchronously load lazily loaded font '../../../Engine/Content/Slate/Fonts/Roboto-Italic.ttf' (157K)
[2018.04.28-03.57.03:493][761]LogSlate: FSceneViewport::OnFocusLost() reason 0
[2018.04.28-03.57.12:093][ 66]LogContentBrowser: Native class hierarchy updated for 'BlueprintGraph' in 0.0007 seconds. Added 116 classes and 0 folders.
[2018.04.28-03.57.12:923][ 66]LogSlate: Took 0.000282 seconds to synchronously load lazily loaded font '../../../Engine/Content/Slate/Fonts/Roboto-BoldCondensed.ttf' (158K)
[2018.04.28-03.57.52:093][383]LogSlate: Window 'BP_Sky_Sphere' being destroyed
[2018.04.28-03.57.52:661][416]LogSlate: FSceneViewport::OnFocusLost() reason 0
[2018.04.28-03.57.57:074][666]LogSlate: FSceneViewport::OnFocusLost() reason 0
[2018.04.28-03.58.13:351][588]LogActorFactory: Actor Factory created enemyShip2
[2018.04.28-03.58.13:646][603]LogActorFactory: Actor Factory created enemyShip2
[2018.04.28-03.58.26:515][931]LogSlate: FSceneViewport::OnFocusLost() reason 0
[2018.04.28-03.58.34:850][416]LogSlate: FSceneViewport::OnFocusLost() reason 0
[2018.04.28-03.58.37:899][590]Cmd: DELETE
[2018.04.28-03.58.37:899][590]Cmd: ACTOR DELETE
[2018.04.28-03.58.37:902][590]LogEditorActor: Deleted Actor: BP_Sky_Sphere_C
[2018.04.28-03.58.37:943][590]LogEditorActor: Deleted 1 Actors (0.045 secs)
[2018.04.28-03.58.41:882][753]LogSlate: FSceneViewport::OnFocusLost() reason 2
[2018.04.28-03.58.45:022][939]LogSlate: FSceneViewport::OnFocusLost() reason 0
[2018.04.28-03.58.54:381][483]LogSlate: FSceneViewport::OnFocusLost() reason 2
[2018.04.28-03.59.01:518][737]LogEditorViewport: Clicking on Actor (context menu): BP_Sky_Sphere_C (BP_Sky_Sphere)
[2018.04.28-03.59.01:582][737]LogSlate: FSceneViewport::OnFocusLost() reason 2
[2018.04.28-03.59.21:080][790]LogSlate: FSceneViewport::OnFocusLost() reason 0
[2018.04.28-03.59.21:197][797]LogTemp: Repeating last play command: Selected Viewport
[2018.04.28-03.59.21:250][797]LogPlayLevel: PlayLevel: No blueprints needed recompiling
[2018.04.28-03.59.21:251][797]PIE: New page: PIE session: Main (Apr 27, 2018, 7:59:21 PM)
[2018.04.28-03.59.21:251][797]LogPlayLevel: Creating play world package: /Game/Maps/UEDPIE_0_Main
[2018.04.28-03.59.21:253][797]LogPlayLevel: PIE: StaticDuplicateObject took: (0.001750s)
[2018.04.28-03.59.21:254][797]LogAIModule: Creating AISystem for world Main
[2018.04.28-03.59.21:255][797]LogPlayLevel: PIE: World Init took: (0.001907s)
[2018.04.28-03.59.21:255][797]LogPlayLevel: PIE: Created PIE world by copying editor world from /Game/Maps/Main.Main to /Game/Maps/UEDPIE_0_Main.Main (0.003872s)
[2018.04.28-03.59.21:284][797]LogInit: XAudio2 using 'Speakers (Realtek High Definition Audio)' : 2 channels at 48 kHz using 32 bits per sample (channel mask 0x3)
[2018.04.28-03.59.21:298][797]LogInit: FAudioDevice initialized.
[2018.04.28-03.59.21:349][797]LogLoad: Game class is 'GameModeBase'
[2018.04.28-03.59.21:351][797]LogWorld: Bringing World /Game/Maps/UEDPIE_0_Main.Main up for play (max tick rate 60) at 2018.04.27-23.59.21
[2018.04.28-03.59.21:351][797]LogWorld: Bringing up level for play took: 0.000631
[2018.04.28-03.59.21:355][797]LogContentBrowser: Native class hierarchy updated for 'MovieSceneCapture' in 0.0003 seconds. Added 11 classes and 0 folders.
[2018.04.28-03.59.21:356][797]PIE: Play in editor start time for /Game/Maps/UEDPIE_0_Main -0.575
[2018.04.28-03.59.46:433][945]LogSlate: FSceneViewport::OnFocusLost() reason 0
[2018.04.28-04.00.17:326][705]LogSlate: FSceneViewport::OnFocusLost() reason 0
[2018.04.28-04.01.17:723][171]Cmd: OBJ SAVEPACKAGE PACKAGE="/Game/Maps/Main" FILE="../../../../../../Development/Udemy/UE4/SpaceShooterTemplate/Content/Maps/Main.umap" SILENT=true AUTOSAVING=false KEEPDIRTY=false
[2018.04.28-04.01.17:779][171]LogSavePackage: Save=13.67ms
[2018.04.28-04.01.17:779][171]LogSavePackage: Moving '../../../../../../Development/Udemy/UE4/SpaceShooterTemplate/Saved/MainC29A24A94BD68FEADD479C9C5DBD6050.tmp' to '../../../../../../Development/Udemy/UE4/SpaceShooterTemplate/Content/Maps/Main.umap'
[2018.04.28-04.01.17:782][171]LogSavePackage: Display: Finished SavePackage ../../../../../../Development/Udemy/UE4/SpaceShooterTemplate/Content/Maps/Main.umap
