Log file open, 04/29/18 10:16:36
LogWindows: Failed to load 'aqProf.dll' (GetLastError=126)
LogWindows: File 'aqProf.dll' does not exist
LogWindows: Failed to load 'VtuneApi.dll' (GetLastError=126)
LogWindows: File 'VtuneApi.dll' does not exist
LogWindows: Failed to load 'VtuneApi32e.dll' (GetLastError=126)
LogWindows: File 'VtuneApi32e.dll' does not exist
LogInit: Display: Running engine for game: SpaceShooterTemplate
LogPlatformFile: Not using cached read wrapper
LogInit: Display: RandInit(-205241484) SRandInit(-205241484).
LogInit: Read version file with build ID '3944462'
LogInit: Overriding engine version to CL 3989454, compatible CL 3944462
LogInit: Registered custom module enumerator with build ID '3944462'
LogTaskGraph: Started task graph with 5 named threads and 23 total threads with 3 sets of task threads.
LogStats: Stats thread started at 0.281888
LogD3D11RHI: Aftermath initialized
LogICUInternationalization: Display: ICU TimeZone Detection - Raw Offset: -5:00, Platform Override: ''
LogModuleManager: Display: Found up-to-date module file ../../../Engine/Plugins/2D/Paper2D/Binaries/Win64/UE4Editor-Paper2D.dll (API version 3944462).
LogModuleManager: Display: Found up-to-date module file ../../../Engine/Plugins/2D/Paper2D/Binaries/Win64/UE4Editor-Paper2DEditor.dll (API version 3944462).
LogModuleManager: Display: Found up-to-date module file ../../../Engine/Plugins/2D/Paper2D/Binaries/Win64/UE4Editor-PaperSpriteSheetImporter.dll (API version 3944462).
LogModuleManager: Display: Found up-to-date module file ../../../Engine/Plugins/2D/Paper2D/Binaries/Win64/UE4Editor-PaperTiledImporter.dll (API version 3944462).
LogModuleManager: Display: Found up-to-date module file ../../../Engine/Plugins/2D/Paper2D/Binaries/Win64/UE4Editor-SmartSnapping.dll (API version 3944462).
LogModuleManager: Display: Found up-to-date module file ../../../Engine/Plugins/Blendables/LightPropagationVolume/Binaries/Win64/UE4Editor-LightPropagationVolumeRuntime.dll (API version 3944462).
LogModuleManager: Display: Found up-to-date module file ../../../Engine/Plugins/Blendables/LightPropagationVolume/Binaries/Win64/UE4Editor-LightPropagationVolumeEditor.dll (API version 3944462).
LogModuleManager: Display: Found up-to-date module file ../../../Engine/Plugins/Developer/CLionSourceCodeAccess/Binaries/Win64/UE4Editor-CLionSourceCodeAccess.dll (API version 3944462).
LogModuleManager: Display: Found up-to-date module file ../../../Engine/Plugins/Developer/GitSourceControl/Binaries/Win64/UE4Editor-GitSourceControl.dll (API version 3944462).
LogModuleManager: Display: Found up-to-date module file ../../../Engine/Plugins/Developer/PerforceSourceControl/Binaries/Win64/UE4Editor-PerforceSourceControl.dll (API version 3944462).
LogModuleManager: Display: Found up-to-date module file ../../../Engine/Plugins/Developer/SubversionSourceControl/Binaries/Win64/UE4Editor-SubversionSourceControl.dll (API version 3944462).
LogModuleManager: Display: Found up-to-date module file ../../../Engine/Plugins/Developer/UObjectPlugin/Binaries/Win64/UE4Editor-UObjectPlugin.dll (API version 3944462).
LogModuleManager: Display: Found up-to-date module file ../../../Engine/Plugins/Developer/VisualStudioCodeSourceCodeAccess/Binaries/Win64/UE4Editor-VisualStudioCodeSourceCodeAccess.dll (API version 3944462).
LogModuleManager: Display: Found up-to-date module file ../../../Engine/Plugins/Developer/VisualStudioSourceCodeAccess/Binaries/Win64/UE4Editor-VisualStudioSourceCodeAccess.dll (API version 3944462).
LogModuleManager: Display: Found up-to-date module file ../../../Engine/Plugins/Editor/AssetManagerEditor/Binaries/Win64/UE4Editor-AssetManagerEditor.dll (API version 3944462).
LogModuleManager: Display: Found up-to-date module file ../../../Engine/Plugins/Editor/CryptoKeys/Binaries/Win64/UE4Editor-CryptoKeys.dll (API version 3944462).
LogModuleManager: Display: Found up-to-date module file ../../../Engine/Plugins/Editor/CryptoKeys/Binaries/Win64/UE4Editor-CryptoKeysOpenSSL.dll (API version 3944462).
LogModuleManager: Display: Found up-to-date module file ../../../Engine/Plugins/Editor/DataValidation/Binaries/Win64/UE4Editor-DataValidation.dll (API version 3944462).
LogModuleManager: Display: Found up-to-date module file ../../../Engine/Plugins/Editor/FacialAnimation/Binaries/Win64/UE4Editor-FacialAnimation.dll (API version 3944462).
LogModuleManager: Display: Found up-to-date module file ../../../Engine/Plugins/Editor/FacialAnimation/Binaries/Win64/UE4Editor-FacialAnimationEditor.dll (API version 3944462).
LogModuleManager: Display: Found up-to-date module file ../../../Engine/Plugins/Editor/GameplayTagsEditor/Binaries/Win64/UE4Editor-GameplayTagsEditor.dll (API version 3944462).
LogModuleManager: Display: Found up-to-date module file ../../../Engine/Plugins/Editor/MobileLauncherProfileWizard/Binaries/Win64/UE4Editor-MobileLauncherProfileWizard.dll (API version 3944462).
LogModuleManager: Display: Found up-to-date module file ../../../Engine/Plugins/Editor/PluginBrowser/Binaries/Win64/UE4Editor-PluginBrowser.dll (API version 3944462).
LogModuleManager: Display: Found up-to-date module file ../../../Engine/Plugins/Editor/SpeedTreeImporter/Binaries/Win64/UE4Editor-SpeedTreeImporter.dll (API version 3944462).
LogModuleManager: Display: Found up-to-date module file ../../../Engine/Plugins/Enterprise/DatasmithContent/Binaries/Win64/UE4Editor-DatasmithContent.dll (API version 3944462).
LogModuleManager: Display: Found up-to-date module file ../../../Engine/Plugins/Experimental/AlembicImporter/Binaries/Win64/UE4Editor-AlembicImporter.dll (API version 3944462).
LogModuleManager: Display: Found up-to-date module file ../../../Engine/Plugins/Experimental/AlembicImporter/Binaries/Win64/UE4Editor-AlembicLibrary.dll (API version 3944462).
LogModuleManager: Display: Found up-to-date module file ../../../Engine/Plugins/Experimental/CharacterAI/Binaries/Win64/UE4Editor-CharacterAI.dll (API version 3944462).
LogModuleManager: Display: Found up-to-date module file ../../../Engine/Plugins/Experimental/HTML5Networking/Binaries/Win64/UE4Editor-HTML5Networking.dll (API version 3944462).
LogModuleManager: Display: Found up-to-date module file ../../../Engine/Plugins/Media/AndroidMedia/Binaries/Win64/UE4Editor-AndroidMediaEditor.dll (API version 3944462).
LogModuleManager: Display: Found up-to-date module file ../../../Engine/Plugins/Media/AndroidMedia/Binaries/Win64/UE4Editor-AndroidMediaFactory.dll (API version 3944462).
LogModuleManager: Display: Found up-to-date module file ../../../Engine/Plugins/Media/AvfMedia/Binaries/Win64/UE4Editor-AvfMediaEditor.dll (API version 3944462).
LogModuleManager: Display: Found up-to-date module file ../../../Engine/Plugins/Media/AvfMedia/Binaries/Win64/UE4Editor-AvfMediaFactory.dll (API version 3944462).
LogModuleManager: Display: Found up-to-date module file ../../../Engine/Plugins/Media/AvfMedia/Binaries/Win64/UE4Editor-AvfMediaFactory.dll (API version 3944462).
LogModuleManager: Display: Found up-to-date module file ../../../Engine/Plugins/Media/ImgMedia/Binaries/Win64/UE4Editor-ImgMedia.dll (API version 3944462).
LogModuleManager: Display: Found up-to-date module file ../../../Engine/Plugins/Media/ImgMedia/Binaries/Win64/UE4Editor-ImgMediaEditor.dll (API version 3944462).
LogModuleManager: Display: Found up-to-date module file ../../../Engine/Plugins/Media/ImgMedia/Binaries/Win64/UE4Editor-ImgMediaFactory.dll (API version 3944462).
LogModuleManager: Display: Found up-to-date module file ../../../Engine/Plugins/Media/ImgMedia/Binaries/Win64/UE4Editor-ImgMediaFactory.dll (API version 3944462).
LogModuleManager: Display: Found up-to-date module file ../../../Engine/Plugins/Media/ImgMedia/Binaries/Win64/UE4Editor-OpenExrWrapper.dll (API version 3944462).
LogModuleManager: Display: Found up-to-date module file ../../../Engine/Plugins/Media/LinearTimecode/Binaries/Win64/UE4Editor-LinearTimecode.dll (API version 3944462).
LogModuleManager: Display: Found up-to-date module file ../../../Engine/Plugins/Media/MediaCompositing/Binaries/Win64/UE4Editor-MediaCompositing.dll (API version 3944462).
LogModuleManager: Display: Found up-to-date module file ../../../Engine/Plugins/Media/MediaCompositing/Binaries/Win64/UE4Editor-MediaCompositingEditor.dll (API version 3944462).
LogModuleManager: Display: Found up-to-date module file ../../../Engine/Plugins/Media/MediaPlayerEditor/Binaries/Win64/UE4Editor-MediaPlayerEditor.dll (API version 3944462).
LogModuleManager: Display: Found up-to-date module file ../../../Engine/Plugins/Media/WmfMedia/Binaries/Win64/UE4Editor-WmfMedia.dll (API version 3944462).
LogModuleManager: Display: Found up-to-date module file ../../../Engine/Plugins/Media/WmfMedia/Binaries/Win64/UE4Editor-WmfMediaEditor.dll (API version 3944462).
LogModuleManager: Display: Found up-to-date module file ../../../Engine/Plugins/Media/WmfMedia/Binaries/Win64/UE4Editor-WmfMediaFactory.dll (API version 3944462).
LogModuleManager: Display: Found up-to-date module file ../../../Engine/Plugins/Media/WmfMedia/Binaries/Win64/UE4Editor-WmfMediaFactory.dll (API version 3944462).
LogModuleManager: Display: Found up-to-date module file ../../../Engine/Plugins/Messaging/TcpMessaging/Binaries/Win64/UE4Editor-TcpMessaging.dll (API version 3944462).
LogModuleManager: Display: Found up-to-date module file ../../../Engine/Plugins/Messaging/UdpMessaging/Binaries/Win64/UE4Editor-UdpMessaging.dll (API version 3944462).
LogModuleManager: Display: Found up-to-date module file ../../../Engine/Plugins/MovieScene/ActorSequence/Binaries/Win64/UE4Editor-ActorSequence.dll (API version 3944462).
LogModuleManager: Display: Found up-to-date module file ../../../Engine/Plugins/MovieScene/LevelSequenceEditor/Binaries/Win64/UE4Editor-LevelSequenceEditor.dll (API version 3944462).
LogModuleManager: Display: Found up-to-date module file ../../../Engine/Plugins/MovieScene/MatineeToLevelSequence/Binaries/Win64/UE4Editor-MatineeToLevelSequence.dll (API version 3944462).
LogModuleManager: Display: Found up-to-date module file ../../../Engine/Plugins/NetcodeUnitTest/NetcodeUnitTest/Binaries/Win64/UE4Editor-NetcodeUnitTest.dll (API version 3944462).
LogModuleManager: Display: Found up-to-date module file ../../../Engine/Plugins/NetcodeUnitTest/NUTUnrealEngine4/Binaries/Win64/UE4Editor-NUTUnrealEngine4.dll (API version 3944462).
LogModuleManager: Display: Found up-to-date module file ../../../Engine/Plugins/Online/OnlineSubsystem/Binaries/Win64/UE4Editor-OnlineSubsystem.dll (API version 3944462).
LogModuleManager: Display: Found up-to-date module file ../../../Engine/Plugins/Runtime/AndroidPermission/Binaries/Win64/UE4Editor-AndroidPermission.dll (API version 3944462).
LogModuleManager: Display: Found up-to-date module file ../../../Engine/Plugins/Online/OnlineSubsystemNull/Binaries/Win64/UE4Editor-OnlineSubsystemNull.dll (API version 3944462).
LogModuleManager: Display: Found up-to-date module file ../../../Engine/Plugins/Online/OnlineSubsystemUtils/Binaries/Win64/UE4Editor-OnlineSubsystemUtils.dll (API version 3944462).
LogModuleManager: Display: Found up-to-date module file ../../../Engine/Plugins/Online/OnlineSubsystemUtils/Binaries/Win64/UE4Editor-OnlineBlueprintSupport.dll (API version 3944462).
LogModuleManager: Display: Found up-to-date module file ../../../Engine/Plugins/Runtime/AndroidDeviceProfileSelector/Binaries/Win64/UE4Editor-AndroidDeviceProfileSelector.dll (API version 3944462).
LogModuleManager: Display: Found up-to-date module file ../../../Engine/Plugins/Runtime/AppleARKit/Binaries/Win64/UE4Editor-AppleARKit.dll (API version 3944462).
LogModuleManager: Display: Found up-to-date module file ../../../Engine/Plugins/Runtime/ProceduralMeshComponent/Binaries/Win64/UE4Editor-ProceduralMeshComponent.dll (API version 3944462).
LogModuleManager: Display: Found up-to-date module file ../../../Engine/Plugins/Runtime/ProceduralMeshComponent/Binaries/Win64/UE4Editor-ProceduralMeshComponentEditor.dll (API version 3944462).
LogModuleManager: Display: Found up-to-date module file ../../../Engine/Plugins/Animation/LiveLink/Binaries/Win64/UE4Editor-LiveLink.dll (API version 3944462).
LogModuleManager: Display: Found up-to-date module file ../../../Engine/Plugins/Animation/LiveLink/Binaries/Win64/UE4Editor-LiveLinkEditor.dll (API version 3944462).
LogModuleManager: Display: Found up-to-date module file ../../../Engine/Plugins/Runtime/ArchVisCharacter/Binaries/Win64/UE4Editor-ArchVisCharacter.dll (API version 3944462).
LogModuleManager: Display: Found up-to-date module file ../../../Engine/Plugins/Runtime/AudioCapture/Binaries/Win64/UE4Editor-AudioCapture.dll (API version 3944462).
LogModuleManager: Display: Found up-to-date module file ../../../Engine/Plugins/Runtime/AudioCapture/Binaries/Win64/UE4Editor-AudioCaptureEditor.dll (API version 3944462).
LogModuleManager: Display: Found up-to-date module file ../../../Engine/Plugins/Runtime/CableComponent/Binaries/Win64/UE4Editor-CableComponent.dll (API version 3944462).
LogModuleManager: Display: Found up-to-date module file ../../../Engine/Plugins/Runtime/CustomMeshComponent/Binaries/Win64/UE4Editor-CustomMeshComponent.dll (API version 3944462).
LogModuleManager: Display: Found up-to-date module file ../../../Engine/Plugins/Runtime/ExampleDeviceProfileSelector/Binaries/Win64/UE4Editor-ExampleDeviceProfileSelector.dll (API version 3944462).
LogModuleManager: Display: Found up-to-date module file ../../../Engine/Plugins/Runtime/ImmediatePhysics/Binaries/Win64/UE4Editor-ImmediatePhysics.dll (API version 3944462).
LogModuleManager: Display: Found up-to-date module file ../../../Engine/Plugins/Runtime/ImmediatePhysics/Binaries/Win64/UE4Editor-ImmediatePhysicsEditor.dll (API version 3944462).
LogModuleManager: Display: Found up-to-date module file ../../../Engine/Plugins/Runtime/LocationServicesBPLibrary/Binaries/Win64/UE4Editor-LocationServicesBPLibrary.dll (API version 3944462).
LogModuleManager: Display: Found up-to-date module file ../../../Engine/Plugins/Runtime/MobilePatchingUtils/Binaries/Win64/UE4Editor-MobilePatchingUtils.dll (API version 3944462).
LogModuleManager: Display: Found up-to-date module file ../../../Engine/Plugins/Runtime/Oculus/OculusVR/Binaries/Win64/UE4Editor-OculusHMD.dll (API version 3944462).
LogModuleManager: Display: Found up-to-date module file ../../../Engine/Plugins/Runtime/Oculus/OculusVR/Binaries/Win64/UE4Editor-OculusInput.dll (API version 3944462).
LogModuleManager: Display: Found up-to-date module file ../../../Engine/Plugins/Runtime/Oculus/OculusVR/Binaries/Win64/UE4Editor-OculusEditor.dll (API version 3944462).
LogModuleManager: Display: Found up-to-date module file ../../../Engine/Plugins/Runtime/PhysXVehicles/Binaries/Win64/UE4Editor-PhysXVehicles.dll (API version 3944462).
LogModuleManager: Display: Found up-to-date module file ../../../Engine/Plugins/Runtime/PhysXVehicles/Binaries/Win64/UE4Editor-PhysXVehiclesEditor.dll (API version 3944462).
LogModuleManager: Display: Found up-to-date module file ../../../Engine/Plugins/Runtime/RuntimePhysXCooking/Binaries/Win64/UE4Editor-RuntimePhysXCooking.dll (API version 3944462).
LogModuleManager: Display: Found up-to-date module file ../../../Engine/Plugins/Runtime/Steam/SteamVR/Binaries/Win64/UE4Editor-SteamVR.dll (API version 3944462).
LogModuleManager: Display: Found up-to-date module file ../../../Engine/Plugins/Runtime/Steam/SteamVR/Binaries/Win64/UE4Editor-SteamVRController.dll (API version 3944462).
LogModuleManager: Display: Found up-to-date module file ../../../Engine/Plugins/Runtime/WindowsMoviePlayer/Binaries/Win64/UE4Editor-WindowsMoviePlayer.dll (API version 3944462).
LogPluginManager: Mounting plugin Paper2D
LogPluginManager: Mounting plugin LiveLink
LogPluginManager: Mounting plugin LightPropagationVolume
LogPluginManager: Mounting plugin CLionSourceCodeAccess
LogPluginManager: Mounting plugin CodeLiteSourceCodeAccess
LogPluginManager: Mounting plugin GitSourceControl
LogPluginManager: Mounting plugin KDevelopSourceCodeAccess
LogPluginManager: Mounting plugin NullSourceCodeAccess
LogPluginManager: Mounting plugin PerforceSourceControl
LogPluginManager: Mounting plugin SubversionSourceControl
LogPluginManager: Mounting plugin UObjectPlugin
LogPluginManager: Mounting plugin VisualStudioCodeSourceCodeAccess
LogPluginManager: Mounting plugin VisualStudioSourceCodeAccess
LogPluginManager: Mounting plugin XCodeSourceCodeAccess
LogPluginManager: Mounting plugin AssetManagerEditor
LogPluginManager: Mounting plugin CryptoKeys
LogPluginManager: Mounting plugin DataValidation
LogPluginManager: Mounting plugin FacialAnimation
LogPluginManager: Mounting plugin GameplayTagsEditor
LogPluginManager: Mounting plugin MobileLauncherProfileWizard
LogPluginManager: Mounting plugin PluginBrowser
LogPluginManager: Mounting plugin SpeedTreeImporter
LogPluginManager: Mounting plugin DatasmithContent
LogPluginManager: Mounting plugin AlembicImporter
LogPluginManager: Mounting plugin CharacterAI
LogPluginManager: Mounting plugin HTML5Networking
LogPluginManager: Mounting plugin AndroidMedia
LogPluginManager: Mounting plugin AvfMedia
LogPluginManager: Mounting plugin ImgMedia
LogPluginManager: Mounting plugin LinearTimecode
LogPluginManager: Mounting plugin MediaCompositing
LogPluginManager: Mounting plugin MediaPlayerEditor
LogPluginManager: Mounting plugin WmfMedia
LogPluginManager: Mounting plugin TcpMessaging
LogPluginManager: Mounting plugin UdpMessaging
LogPluginManager: Mounting plugin ActorSequence
LogPluginManager: Mounting plugin LevelSequenceEditor
LogPluginManager: Mounting plugin MatineeToLevelSequence
LogPluginManager: Mounting plugin NetcodeUnitTest
LogPluginManager: Mounting plugin NUTUnrealEngine4
LogPluginManager: Mounting plugin OnlineSubsystemGooglePlay
LogPluginManager: Mounting plugin OnlineSubsystemIOS
LogPluginManager: Mounting plugin OnlineSubsystem
LogPluginManager: Mounting plugin OnlineSubsystemNull
LogPluginManager: Mounting plugin OnlineSubsystemUtils
LogPluginManager: Mounting plugin AndroidDeviceProfileSelector
LogPluginManager: Mounting plugin AndroidMoviePlayer
LogPluginManager: Mounting plugin AndroidPermission
LogPluginManager: Mounting plugin AppleARKit
LogPluginManager: Mounting plugin AppleMoviePlayer
LogPluginManager: Mounting plugin ArchVisCharacter
LogPluginManager: Mounting plugin AudioCapture
LogPluginManager: Mounting plugin CableComponent
LogPluginManager: Mounting plugin CustomMeshComponent
LogPluginManager: Mounting plugin ExampleDeviceProfileSelector
LogPluginManager: Mounting plugin GoogleCloudMessaging
LogPluginManager: Mounting plugin ImmediatePhysics
LogPluginManager: Mounting plugin IOSDeviceProfileSelector
LogPluginManager: Mounting plugin LinuxDeviceProfileSelector
LogPluginManager: Mounting plugin LocationServicesBPLibrary
LogPluginManager: Mounting plugin MobilePatchingUtils
LogPluginManager: Mounting plugin OculusVR
LogPluginManager: Plugin shader directory ../../../Engine/Plugins/Runtime/Oculus/OculusVR/Shaders found
LogPluginManager: Mapping shader source directory ../../../Engine/Plugins/Runtime/Oculus/OculusVR/Shaders to virtual directory /Plugin/OculusVR
LogPluginManager: Mounting plugin PhysXVehicles
LogPluginManager: Mounting plugin ProceduralMeshComponent
LogPluginManager: Mounting plugin RuntimePhysXCooking
LogPluginManager: Mounting plugin SteamVR
LogPluginManager: Mounting plugin WindowsMoviePlayer
LogStreaming: Display: Took  1.775s to configure plugins.
LogInit: Using libcurl 7.47.1
LogInit:  - built for x86_64-pc-win32
LogInit:  - supports SSL with OpenSSL/1.0.2g
LogInit:  - supports HTTP deflate (compression) using libz 1.2.8
LogInit:  - other features:
LogInit:      CURL_VERSION_SSL
LogInit:      CURL_VERSION_LIBZ
LogInit:      CURL_VERSION_IPV6
LogInit:      CURL_VERSION_ASYNCHDNS
LogInit:      CURL_VERSION_LARGEFILE
LogInit:      CURL_VERSION_IDN
LogInit:  CurlRequestOptions (configurable via config and command line):
LogInit:  - bVerifyPeer = false  - Libcurl will NOT verify peer certificate
LogInit:  - bUseHttpProxy = false  - Libcurl will NOT use HTTP proxy
LogInit:  - bDontReuseConnections = false  - Libcurl will reuse connections
LogInit:  - CertBundlePath = nullptr  - Libcurl will use whatever was configured at build time.
LogInit:  - MaxHostConnections = 16  - Libcurl will limit the number of connections to a host
LogInit:  - LocalHostAddr = Default
LogInit: WinSock: version 1.1 (2.2), MaxSocks=32767, MaxUdp=65467
LogInit: WinSock: I am SuperBeast (192.168.0.6:0)
LogInit: Build: ++UE4+Release-4.19-CL-3989454
LogInit: Engine Version: 4.19.1-3989454+++UE4+Release-4.19
LogInit: Compatible Engine Version: 4.19.0-3944462+++UE4+Release-4.19
LogInit: Net CL: 3944462
LogDevObjectVersion: Number of dev versions registered: 18
LogDevObjectVersion:   Dev-Blueprints (B0D832E4-1F89-4F0D-ACCF-7EB736FD4AA2): 10
LogDevObjectVersion:   Dev-Build (E1C64328-A22C-4D53-A36C-8E866417BD8C): 0
LogDevObjectVersion:   Dev-Core (375EC13C-06E4-48FB-B500-84F0262A717E): 2
LogDevObjectVersion:   Dev-Editor (E4B068ED-F494-42E9-A231-DA0B2E46BB41): 23
LogDevObjectVersion:   Dev-Framework (CFFC743F-43B0-4480-9391-14DF171D2073): 33
LogDevObjectVersion:   Dev-Mobile (B02B49B5-BB20-44E9-A304-32B752E40360): 2
LogDevObjectVersion:   Dev-Networking (A4E4105C-59A1-49B5-A7C5-40C4547EDFEE): 0
LogDevObjectVersion:   Dev-Online (39C831C9-5AE6-47DC-9A44-9C173E1C8E7C): 0
LogDevObjectVersion:   Dev-Physics (78F01B33-EBEA-4F98-B9B4-84EACCB95AA2): 0
LogDevObjectVersion:   Dev-Platform (6631380F-2D4D-43E0-8009-CF276956A95A): 0
LogDevObjectVersion:   Dev-Rendering (12F88B9F-8875-4AFC-A67C-D90C383ABD29): 25
LogDevObjectVersion:   Dev-Sequencer (7B5AE74C-D270-4C10-A958-57980B212A5A): 6
LogDevObjectVersion:   Dev-VR (D7296918-1DD6-4BDD-9DE2-64A83CC13884): 1
LogDevObjectVersion:   Dev-LoadTimes (C2A15278-BFE7-4AFE-6C17-90FF531DF755): 1
LogDevObjectVersion:   Private-Geometry (6EACA3D4-40EC-4CC1-B786-8BED09428FC5): 2
LogDevObjectVersion:   Dev-AnimPhys (29E575DD-E0A3-4627-9D10-D276232CDCEA): 16
LogDevObjectVersion:   Dev-ReflectionCapture (6B266CEC-1EC7-4B8F-A30B-E4D90942FC07): 1
LogDevObjectVersion:   Dev-Automation (0DF73D61-A23F-47EA-B727-89E90C41499A): 1
LogInit: Compiled (64-bit): Apr  6 2018 12:26:04
LogInit: Compiled with Visual C++: 19.00.24215.01
LogInit: Build Configuration: Development
LogInit: Branch Name: ++UE4+Release-4.19
LogInit: Command Line:  
LogInit: Base Directory: C:/Program Files/Epic Games/UE_4.19/Engine/Binaries/Win64/
LogInit: Installed Engine Build: 1
LogStreaming: Display: Took  0.001s to delete old logs.
LogInit: Presizing for max 8388607 objects, including 0 objects not considered by GC, pre-allocating 0 bytes for permanent pool.
LogInit: Object subsystem initialized
[2018.04.29-14.16.39:018][  0]LogInit: Selected Device Profile: [Windows]
[2018.04.29-14.16.39:018][  0]LogInit: Applying CVar settings loaded from the selected device profile: [Windows]
[2018.04.29-14.16.39:065][  0]LogInit: Computer: SUPERBEAST
[2018.04.29-14.16.39:066][  0]LogInit: User: MaximusLitvinov
[2018.04.29-14.16.39:066][  0]LogInit: CPU Page size=4096, Cores=4
[2018.04.29-14.16.39:066][  0]LogInit: High frequency timer resolution =2.435775 MHz
[2018.04.29-14.16.39:066][  0]LogMemory: Memory total: Physical=15.9GB (16GB approx)
[2018.04.29-14.16.39:066][  0]LogMemory: Platform Memory Stats for Windows
[2018.04.29-14.16.39:066][  0]LogMemory: Process Physical Memory: 276.67 MB used, 276.67 MB peak
[2018.04.29-14.16.39:066][  0]LogMemory: Process Virtual Memory: 264.74 MB used, 264.74 MB peak
[2018.04.29-14.16.39:066][  0]LogMemory: Physical Memory: 5993.68 MB used,  10271.35 MB free, 16265.02 MB total
[2018.04.29-14.16.39:066][  0]LogMemory: Virtual Memory: 698.36 MB used,  10271.35 MB free, 134217728.00 MB total
[2018.04.29-14.16.39:092][  0]LogInit: Using OS detected language (en-US).
[2018.04.29-14.16.39:092][  0]LogInit: Using OS detected locale (en-US).
[2018.04.29-14.16.39:292][  0]LogTextLocalizationManager: No specific localization for 'en-US' exists, so the 'en' localization will be used.
[2018.04.29-14.16.39:849][  0]LogStreaming: Display: Took  0.757s to EndInitTextLocalization.
[2018.04.29-14.16.39:849][  0]LogInit: Setting process to per monitor DPI aware
[2018.04.29-14.16.39:897][  0]LogSlate: New Slate User Created.  User Index 0, Is Virtual User: 0
[2018.04.29-14.16.39:897][  0]LogSlate: Slate User Registered.  User Index 0, Is Virtual User: 0
[2018.04.29-14.16.44:645][  0]LogD3D11RHI: D3D11 adapters:
[2018.04.29-14.16.44:656][  0]LogD3D11RHI:    0. 'AMD Radeon R9 M290X' (Feature Level 11_0)
[2018.04.29-14.16.44:656][  0]LogD3D11RHI:       4074/0/8132 MB DedicatedVideo/DedicatedSystem/SharedSystem, Outputs:2, VendorId:0x1002
[2018.04.29-14.16.44:662][  0]LogD3D11RHI:    1. 'Intel(R) HD Graphics 4600' (Feature Level 11_0)
[2018.04.29-14.16.44:662][  0]LogD3D11RHI:       112/0/2048 MB DedicatedVideo/DedicatedSystem/SharedSystem, Outputs:0, VendorId:0x8086
[2018.04.29-14.16.44:664][  0]LogD3D11RHI:    2. 'Microsoft Basic Render Driver' (Feature Level 11_0)
[2018.04.29-14.16.44:664][  0]LogD3D11RHI:       0/0/8132 MB DedicatedVideo/DedicatedSystem/SharedSystem, Outputs:0, VendorId:0x1414
[2018.04.29-14.16.44:664][  0]LogD3D11RHI: Chosen D3D11 Adapter: 0
[2018.04.29-14.16.44:673][  0]LogD3D11RHI: Creating new Direct3DDevice
[2018.04.29-14.16.44:673][  0]LogD3D11RHI:     GPU DeviceId: 0x6801 (for the marketing name, search the web for "GPU Device Id")
[2018.04.29-14.16.44:673][  0]LogWindows: EnumDisplayDevices:
[2018.04.29-14.16.44:673][  0]LogWindows:    0. 'Intel(R) HD Graphics 4600' (P:1 D:1)
[2018.04.29-14.16.44:674][  0]LogWindows:    1. 'Intel(R) HD Graphics 4600' (P:0 D:1)
[2018.04.29-14.16.44:674][  0]LogWindows:    2. 'Intel(R) HD Graphics 4600' (P:0 D:0)
[2018.04.29-14.16.44:674][  0]LogWindows:    3. 'AMD Radeon R9 M290X' (P:0 D:0)
[2018.04.29-14.16.44:674][  0]LogWindows:    4. 'AMD Radeon R9 M290X' (P:0 D:0)
[2018.04.29-14.16.44:674][  0]LogWindows:    5. 'AMD Radeon R9 M290X' (P:0 D:0)
[2018.04.29-14.16.44:674][  0]LogWindows:    6. 'AMD Radeon R9 M290X' (P:0 D:0)
[2018.04.29-14.16.44:674][  0]LogWindows:    7. 'AMD Radeon R9 M290X' (P:0 D:0)
[2018.04.29-14.16.44:674][  0]LogWindows:    8. 'AMD Radeon R9 M290X' (P:0 D:0)
[2018.04.29-14.16.44:675][  0]LogWindows: DebugString: GetVideoDriverDetailsInvalid PrimaryIsNotTheChoosenAdapter GetVideoDriverDetailsInvalid PrimaryIsNotTheChoosenAdapter GetVideoDriverDetailsInvalid PrimaryIsNotTheChoosenAdapter GetVideoDriverDetailsInvalid PrimaryIsNotTheChoosenAdapter GetVideoDriverDetailsInvalid PrimaryIsNotTheChoosenAdapter GetVideoDriverDetailsInvalid PrimaryIsNotTheChoosenAdapter GetVideoDriverDetailsInvalid PrimaryIsNotTheChoosenAdapter GetVideoDriverDetailsInvalid PrimaryIsNotTheChoosenAdapter GetVideoDriverDetailsInvalid PrimaryIsNotTheChoosenAdapter FoundDriverCount:0 
[2018.04.29-14.16.44:675][  0]LogD3D11RHI:     Adapter Name: AMD Radeon R9 M290X
[2018.04.29-14.16.44:675][  0]LogD3D11RHI:   Driver Version: Unknown (internal:Unknown, unified:Unknown)
[2018.04.29-14.16.44:675][  0]LogD3D11RHI:      Driver Date: Unknown
[2018.04.29-14.16.44:675][  0]LogRHI: Texture pool is 2852 MB (70% of 4074 MB)
[2018.04.29-14.16.44:694][  0]LogD3D11RHI: Async texture creation enabled
[2018.04.29-14.16.44:709][  0]LogD3D11RHI: GPU Timing Frequency: 27.000000 (Debug: 2 1)
[2018.04.29-14.16.44:710][  0]LogShaderCompilers: Guid format shader working directory is -4 characters bigger than the processId version (../../../../../../Development/Udemy/UE4/SpaceShooterTemplate/Intermediate/Shaders/WorkingDirectory/22976/).
[2018.04.29-14.16.44:710][  0]LogShaderCompilers: Cleaned the shader compiler working directory 'C:/Users/Maximus Litvinov/AppData/Local/Temp/UnrealShaderWorkingDir/911ED937423A18430CA9A08AD2742807/'.
[2018.04.29-14.16.46:204][  0]LogTemp: Display: Loaded TP AllDesktopTargetPlatform
[2018.04.29-14.16.46:218][  0]LogTemp: Display: Loaded TP MacClientTargetPlatform
[2018.04.29-14.16.46:235][  0]LogTemp: Display: Loaded TP MacNoEditorTargetPlatform
[2018.04.29-14.16.46:252][  0]LogTemp: Display: Loaded TP MacServerTargetPlatform
[2018.04.29-14.16.46:272][  0]LogTemp: Display: Loaded TP MacTargetPlatform
[2018.04.29-14.16.46:287][  0]LogTemp: Display: Loaded TP WindowsClientTargetPlatform
[2018.04.29-14.16.46:303][  0]LogTemp: Display: Loaded TP WindowsNoEditorTargetPlatform
[2018.04.29-14.16.46:318][  0]LogTemp: Display: Loaded TP WindowsServerTargetPlatform
[2018.04.29-14.16.46:325][  0]LogTemp: Display: Loaded TP WindowsTargetPlatform
[2018.04.29-14.16.46:338][  0]LogTemp: Display: Loaded TP Android_ASTCTargetPlatform
[2018.04.29-14.16.46:351][  0]LogTemp: Display: Loaded TP Android_ATCTargetPlatform
[2018.04.29-14.16.46:364][  0]LogTemp: Display: Loaded TP Android_DXTTargetPlatform
[2018.04.29-14.16.46:378][  0]LogTemp: Display: Loaded TP Android_ETC1aTargetPlatform
[2018.04.29-14.16.46:391][  0]LogTemp: Display: Loaded TP Android_ETC1TargetPlatform
[2018.04.29-14.16.46:404][  0]LogTemp: Display: Loaded TP Android_ETC2TargetPlatform
[2018.04.29-14.16.46:431][  0]LogTemp: Display: Loaded TP Android_MultiTargetPlatform
[2018.04.29-14.16.46:431][  0]LogTemp: Display: Loaded TP Android_PVRTCTargetPlatform
[2018.04.29-14.16.46:449][  0]LogTemp: Display: Loaded TP AndroidTargetPlatform
[2018.04.29-14.16.46:450][  0]LogTemp: Display: Loaded TP HTML5TargetPlatform
[2018.04.29-14.16.46:494][  0]LogTemp: Display: Loaded TP IOSTargetPlatform
[2018.04.29-14.16.46:506][  0]LogTemp: Display: Loaded TP TVOSTargetPlatform
[2018.04.29-14.16.46:522][  0]LogTemp: Display: Loaded TP LinuxClientTargetPlatform
[2018.04.29-14.16.46:535][  0]LogTemp: Display: Loaded TP LinuxNoEditorTargetPlatform
[2018.04.29-14.16.46:549][  0]LogTemp: Display: Loaded TP LinuxServerTargetPlatform
[2018.04.29-14.16.46:568][  0]LogTemp: Display: Loaded TP LinuxTargetPlatform
[2018.04.29-14.16.46:568][  0]LogTargetPlatformManager: Display: Building Assets For Windows
[2018.04.29-14.16.49:406][  0]LogXGEController: Cleaning working directory: C:/Users/Maximus Litvinov/AppData/Local/Temp/UnrealXGEWorkingDir/
[2018.04.29-14.16.49:406][  0]LogXGEController: Cannot use XGE Controller as Incredibuild is not installed on this machine.
[2018.04.29-14.16.49:407][  0]LogShaderCompilers: Cannot use XGE Shader Compiler as Incredibuild is not installed on this machine.
[2018.04.29-14.16.49:407][  0]LogShaderCompilers: Display: Using Local Shader Compiler.
[2018.04.29-14.16.51:549][  0]LogDerivedDataCache: Display: Max Cache Size: 512 MB
[2018.04.29-14.16.51:930][  0]LogDerivedDataCache: Loaded boot cache 0.38s 74MB C:/Users/Maximus Litvinov/AppData/Local/UnrealEngine/4.19/DerivedDataCache/Boot.ddc.
[2018.04.29-14.16.51:930][  0]LogDerivedDataCache: Display: Loaded Boot cache: C:/Users/Maximus Litvinov/AppData/Local/UnrealEngine/4.19/DerivedDataCache/Boot.ddc
[2018.04.29-14.16.51:930][  0]LogDerivedDataCache: FDerivedDataBackendGraph:  Pak pak cache file ../../../../../../Development/Udemy/UE4/SpaceShooterTemplate/DerivedDataCache/DDC.ddp not found, will not use a pak cache.
[2018.04.29-14.16.51:930][  0]LogDerivedDataCache: Unable to find inner node Pak for hierarchical cache Hierarchy.
[2018.04.29-14.16.51:930][  0]LogDerivedDataCache: FDerivedDataBackendGraph:  CompressedPak pak cache file ../../../../../../Development/Udemy/UE4/SpaceShooterTemplate/DerivedDataCache/Compressed.ddp not found, will not use a pak cache.
[2018.04.29-14.16.51:930][  0]LogDerivedDataCache: Unable to find inner node CompressedPak for hierarchical cache Hierarchy.
[2018.04.29-14.16.51:977][  0]LogDerivedDataCache: Display: Pak cache opened for reading ../../../Engine/DerivedDataCache/Compressed.ddp.
[2018.04.29-14.16.51:990][  0]LogDerivedDataCache: Using Local data cache path C:/Users/Maximus Litvinov/AppData/Local/UnrealEngine/Common/DerivedDataCache: Writable
[2018.04.29-14.16.52:002][  0]LogMaterial: Verifying Global Shaders for PCD3D_SM5
[2018.04.29-14.16.52:002][  0]LogSlate: Using Freetype 2.6.0
[2018.04.29-14.16.52:003][  0]LogSlate: SlateFontCache - WITH_FREETYPE: 1, WITH_HARFBUZZ: 1
[2018.04.29-14.16.52:003][  0]LogSlate: SlateFontCache - WITH_FREETYPE: 1, WITH_HARFBUZZ: 1
[2018.04.29-14.16.53:479][  0]LogAssetRegistry: FAssetRegistry took 0.0265 seconds to start up
[2018.04.29-14.16.53:807][  0]LogInit: Selected Device Profile: [Windows]
[2018.04.29-14.16.54:124][  0]LogSimplygon: Simplygon DLL not present - disabling.
[2018.04.29-14.16.54:127][  0]LogMeshReduction: Using SimplygonSwarm for distributed automatic mesh merging
[2018.04.29-14.16.54:127][  0]LogMeshReduction: Using QuadricMeshReduction for automatic static mesh reduction
[2018.04.29-14.16.54:127][  0]LogMeshReduction: No automatic skeletal mesh reduction module available
[2018.04.29-14.16.54:127][  0]LogMeshReduction: No automatic mesh merging module available
[2018.04.29-14.16.54:127][  0]LogMeshMerging: No automatic mesh merging module available
[2018.04.29-14.16.54:187][  0]LogNetVersion: SpaceShooterTemplate , NetCL: 3944462, EngineNetVer: 2, GameNetVer: 0 (Checksum: 318975527)
[2018.04.29-14.16.55:748][  0]LogPackageLocalizationCache: Processed 9 localized package path(s) for 2 prioritized culture(s) in 0.110339 seconds
[2018.04.29-14.16.55:754][  0]LogUObjectArray: 36728 objects as part of root set at end of initial load.
[2018.04.29-14.16.55:754][  0]LogUObjectAllocator: 7314312 out of 0 bytes used by permanent object pool.
[2018.04.29-14.16.55:754][  0]LogUObjectArray: CloseDisregardForGC: 0/0 objects in disregard for GC pool
[2018.04.29-14.17.02:176][  0]LogTcpMessaging: Initializing TcpMessaging bridge
[2018.04.29-14.17.02:209][  0]LogUdpMessaging: Initializing bridge on interface 0.0.0.0:0 to multicast group 230.0.0.1:6666.
[2018.04.29-14.17.02:677][  0]SourceControl: Source control is disabled
[2018.04.29-14.17.02:677][  0]SourceControl: Source control is disabled
[2018.04.29-14.17.02:697][  0]SourceControl: Source control is disabled
[2018.04.29-14.17.02:719][  0]SourceControl: Source control is disabled
[2018.04.29-14.17.03:308][  0]LogAndroidPermission: UAndroidPermissionCallbackProxy::GetInstance
[2018.04.29-14.17.03:505][  0]LogOcInput: OculusInput pre-init called
[2018.04.29-14.17.03:657][  0]LogEngine: Initializing Engine...
[2018.04.29-14.17.03:658][  0]LogHMD: Failed to initialize OpenVR with code 110
[2018.04.29-14.17.03:660][  0]LogStats: UGameplayTagsManager::ConstructGameplayTagTree: Construct from data asset -  0.000 s
[2018.04.29-14.17.03:660][  0]LogStats: UGameplayTagsManager::ConstructGameplayTagTree: GameplayTagTreeChangedEvent.Broadcast -  0.000 s
[2018.04.29-14.17.04:108][  0]LogAIModule: Creating AISystem for world Untitled
[2018.04.29-14.17.04:121][  0]LogInit: XAudio2 using 'Speakers (Realtek High Definition Audio)' : 2 channels at 48 kHz using 32 bits per sample (channel mask 0x3)
[2018.04.29-14.17.04:137][  0]LogInit: FAudioDevice initialized.
[2018.04.29-14.17.04:332][  0]LogDerivedDataCache: Saved boot cache 0.19s 74MB C:/Users/Maximus Litvinov/AppData/Local/UnrealEngine/4.19/DerivedDataCache/Boot.ddc.
[2018.04.29-14.17.04:351][  0]LogInit: Texture streaming: Enabled
[2018.04.29-14.17.04:373][  0]LogEngineSessionManager: EngineSessionManager initialized
[2018.04.29-14.17.04:392][  0]LogEngineSessionManager: EngineSessionManager sent abnormal shutdown report. Type=Crashed, SessionId={83927A18-431A-9466-F12C-59A58D7402F4}
[2018.04.29-14.17.04:414][  0]LogInit: Transaction tracking system initialized
[2018.04.29-14.17.04:444][  0]BlueprintLog: New page: Editor Load
[2018.04.29-14.17.04:540][  0]LocalizationService: Localization service is disabled
[2018.04.29-14.17.04:710][  0]LogConsoleResponse: Display: 
[2018.04.29-14.17.05:193][  0]LogCook: Display: Max memory allowance for cook 16384mb min free memory 0mb
[2018.04.29-14.17.05:193][  0]LogCook: Display: Mobile HDR setting 1
[2018.04.29-14.17.05:193][  0]LogGameplayTags: Display: UGameplayTagsManager::DoneAddingNativeTags. DelegateIsBound: 0
[2018.04.29-14.17.05:194][  0]LogStats: UGameplayTagsManager::ConstructGameplayTagTree: Construct from data asset -  0.000 s
[2018.04.29-14.17.05:194][  0]LogStats: UGameplayTagsManager::ConstructGameplayTagTree: GameplayTagTreeChangedEvent.Broadcast -  0.000 s
[2018.04.29-14.17.05:670][  0]LogFileCache: Scanning file cache for directory 'C:/Development/Udemy/UE4/SpaceShooterTemplate/Content/' took 0.02s
[2018.04.29-14.17.05:670][  0]SourceControl: Source control is disabled
[2018.04.29-14.17.05:760][  0]LogSlate: Took 0.000246 seconds to synchronously load lazily loaded font '../../../Engine/Content/Slate/Fonts/Roboto-Regular.ttf' (155K)
[2018.04.29-14.17.17:656][  0]LogSlate: Window 'Restore Packages' being destroyed
[2018.04.29-14.17.17:657][  0]LogWindowsTextInputMethodSystem: Display: IME system now deactivated.
[2018.04.29-14.17.17:676][  0]LogWindowsTextInputMethodSystem: Display: IME system now deactivated.
[2018.04.29-14.17.19:052][  0]LogSlate: Window 'Unable to Check Out From Source Control!' being destroyed
[2018.04.29-14.17.19:052][  0]LogWindowsTextInputMethodSystem: Display: IME system now deactivated.
[2018.04.29-14.17.19:100][  0]LogWindowsTextInputMethodSystem: Display: IME system now deactivated.
[2018.04.29-14.17.19:101][  0]Cmd: MAP LOAD FILE="../../../../../../Development/Udemy/UE4/SpaceShooterTemplate/Content/Maps/Main.umap" TEMPLATE=0 SHOWPROGRESS=1 FEATURELEVEL=3
[2018.04.29-14.17.19:101][  0]LightingResults: New page: Lighting Build
[2018.04.29-14.17.19:105][  0]MapCheck: New page: Map Check
[2018.04.29-14.17.19:105][  0]LightingResults: New page: Lighting Build
[2018.04.29-14.17.19:677][  0]LogAIModule: Creating AISystem for world Main
[2018.04.29-14.17.19:691][  0]LogEditorServer: Finished looking for orphan Actors (0.000 secs)
[2018.04.29-14.17.19:717][  0]Cmd: MAP CHECKDEP NOCLEARLOG
[2018.04.29-14.17.19:803][  0]MapCheck: Map check complete: 0 Error(s), 0 Warning(s), took 86.16ms to complete.
[2018.04.29-14.17.19:803][  0]LogFileHelpers: Loading map 'Main' took 0.703
[2018.04.29-14.17.19:915][  0]LogStats: Warning: MetaData mismatch. Did you assign a stat to two groups? New //STATGROUP_Threads//SplashScreenThread///Thread_5ed0_0///####STATCAT_Advanced#### old //STATGROUP_Threads//SplashScreenThread///Thread_4ffc_0///####STATCAT_Advanced####
[2018.04.29-14.17.19:915][  0]LogCollectionManager: Loaded 0 collections in 0.001701 seconds
[2018.04.29-14.17.19:961][  0]LogFileCache: Scanning file cache for directory 'C:/Development/Udemy/UE4/SpaceShooterTemplate/Saved/Collections/' took 0.01s
[2018.04.29-14.17.19:961][  0]LogFileCache: Scanning file cache for directory 'C:/Development/Udemy/UE4/SpaceShooterTemplate/Content/Developers/MaximusLitvinov/Collections/' took 0.01s
[2018.04.29-14.17.19:961][  0]LogFileCache: Scanning file cache for directory 'C:/Development/Udemy/UE4/SpaceShooterTemplate/Content/Collections/' took 0.01s
[2018.04.29-14.17.19:961][  0]LogCollectionManager: Rebuilt the GUID cache for 0 collections in 0.000000 seconds
[2018.04.29-14.17.19:971][  0]LogContentBrowser: Native class hierarchy populated in 0.0095 seconds. Added 2452 classes and 558 folders.
[2018.04.29-14.17.19:978][  0]LogContentBrowser: Native class hierarchy updated for 'WidgetCarousel' in 0.0002 seconds. Added 0 classes and 0 folders.
[2018.04.29-14.17.20:463][  0]LogContentBrowser: Native class hierarchy updated for 'AddContentDialog' in 0.0004 seconds. Added 0 classes and 0 folders.
[2018.04.29-14.17.20:472][  0]LogContentBrowser: Native class hierarchy updated for 'SceneOutliner' in 0.0003 seconds. Added 1 classes and 2 folders.
[2018.04.29-14.17.20:492][  0]LogSlate: Took 0.000229 seconds to synchronously load lazily loaded font '../../../Engine/Content/Slate/Fonts/Roboto-Bold.ttf' (160K)
[2018.04.29-14.17.20:508][  0]LogSlate: Took 0.010858 seconds to synchronously load lazily loaded font '../../../Engine/Content/Editor/Slate/Fonts/FontAwesome.ttf' (139K)
[2018.04.29-14.17.20:693][  0]LogRenderer: Reallocating scene render targets to support 1208x576 Format 9 NumSamples 1 (Frame:1).
[2018.04.29-14.17.21:052][  0]LogContentBrowser: Native class hierarchy updated for 'HierarchicalLODOutliner' in 0.0003 seconds. Added 0 classes and 0 folders.
[2018.04.29-14.17.21:052][  0]LogLoad: (Engine Initialization) Total time: 46.60 seconds
[2018.04.29-14.17.21:052][  0]LogLoad: (Engine Initialization) Total Blueprint compile time: 0.00 seconds
[2018.04.29-14.17.21:088][  0]LogContentStreaming: Texture pool size now 800 MB
[2018.04.29-14.17.21:124][  0]LogSlate: Took 0.008290 seconds to synchronously load lazily loaded font '../../../Engine/Content/Slate/Fonts/Roboto-Light.ttf' (167K)
[2018.04.29-14.17.21:145][  1]LogAssetRegistry: Asset discovery search completed in 27.6884 seconds
[2018.04.29-14.17.21:147][  1]LogCollectionManager: Rebuilt the object cache for 0 collections in 0.000000 seconds (found 0 objects)
[2018.04.29-14.17.21:148][  1]LogCollectionManager: Fixed up redirectors for 0 collections in 0.000091 seconds (updated 0 objects)
[2018.04.29-14.17.22:108][ 49]LogSlate: Took 0.000213 seconds to synchronously load lazily loaded font '../../../Engine/Content/Slate/Fonts/Roboto-Light.ttf' (167K)
[2018.04.29-14.17.29:905][516]LogSlate: FSceneViewport::OnFocusLost() reason 0
[2018.04.29-14.17.30:666][524]LogContentBrowser: Native class hierarchy updated for 'BlueprintGraph' in 0.0006 seconds. Added 116 classes and 0 folders.
[2018.04.29-14.17.32:024][524]LogSlate: Took 0.004117 seconds to synchronously load lazily loaded font '../../../Engine/Content/Slate/Fonts/Roboto-BoldCondensed.ttf' (158K)
[2018.04.29-14.17.32:179][525]LogSlate: Took 0.000222 seconds to synchronously load lazily loaded font '../../../Engine/Content/Slate/Fonts/Roboto-Italic.ttf' (157K)
[2018.04.29-14.17.34:830][654]LogSlate: Window 'bpProjectileRocket' being destroyed
[2018.04.29-14.18.26:075][273]LogRenderer: Reallocating scene render targets to support 1208x712 Format 9 NumSamples 1 (Frame:1).
[2018.04.29-14.18.27:848][364]LogSlate: FSceneViewport::OnFocusLost() reason 2
[2018.04.29-14.36.37:824][325]LogInit: XAudio2 using 'Speakers (Realtek High Definition Audio)' : 2 channels at 48 kHz using 32 bits per sample (channel mask 0x3)
[2018.04.29-14.36.43:820][343]LogInit: XAudio2 using 'Speakers (Realtek High Definition Audio)' : 2 channels at 48 kHz using 32 bits per sample (channel mask 0x3)
[2018.04.29-18.19.28:132][435]LogInit: XAudio2 using 'Speakers (Realtek High Definition Audio)' : 2 channels at 48 kHz using 32 bits per sample (channel mask 0x3)
[2018.04.29-18.19.52:098][507]LogSlate: FSceneViewport::OnFocusLost() reason 0
[2018.04.29-18.21.44:112][ 62]LogFileHelpers: Editor autosave (incl. sublevels) for '/Game/Maps/Main' took 0.036
[2018.04.29-18.21.44:114][ 62]OBJ SavePackage: Generating thumbnails for [1] asset(s) in package [/Game/Blueprints/bpPlayer] ([1] browsable assets)...
[2018.04.29-18.21.44:159][ 62]OBJ SavePackage:     Rendered thumbnail for [Blueprint /Game/Blueprints/bpPlayer.bpPlayer]
[2018.04.29-18.21.44:159][ 62]OBJ SavePackage: Finished generating thumbnails for package [/Game/Blueprints/bpPlayer]
[2018.04.29-18.21.44:301][ 62]LogSavePackage: Save=124.17ms
[2018.04.29-18.21.44:301][ 62]LogSavePackage: Moving '../../../../../../Development/Udemy/UE4/SpaceShooterTemplate/Saved/bpPlayer_Auto1A25106D0498490DA570A609542F893BD.tmp' to '../../../../../../Development/Udemy/UE4/SpaceShooterTemplate/Saved/Autosaves/Game/Blueprints/bpPlayer_Auto1.uasset'
[2018.04.29-18.21.44:303][ 62]LogSavePackage: Display: Finished SavePackage ../../../../../../Development/Udemy/UE4/SpaceShooterTemplate/Saved/Autosaves/Game/Blueprints/bpPlayer_Auto1.uasset
[2018.04.29-18.21.44:303][ 62]LogFileHelpers: Auto-saving content packages took 0.189
[2018.04.29-18.21.57:995][816]BlueprintLog: New page: Compile bpPlayer
[2018.04.29-18.21.58:457][816]Cmd: OBJ SAVEPACKAGE PACKAGE="/Game/Blueprints/bpPlayer" FILE="../../../../../../Development/Udemy/UE4/SpaceShooterTemplate/Content/Blueprints/bpPlayer.uasset" SILENT=true
[2018.04.29-18.21.58:596][816]LogSavePackage: Save=132.34ms
[2018.04.29-18.21.58:597][816]LogSavePackage: Moving '../../../../../../Development/Udemy/UE4/SpaceShooterTemplate/Saved/bpPlayerF68423984A54EC5FA8D61FBB92DF7F8B.tmp' to '../../../../../../Development/Udemy/UE4/SpaceShooterTemplate/Content/Blueprints/bpPlayer.uasset'
[2018.04.29-18.21.58:607][816]LogSavePackage: Display: Finished SavePackage ../../../../../../Development/Udemy/UE4/SpaceShooterTemplate/Content/Blueprints/bpPlayer.uasset
[2018.04.29-18.21.59:133][840]Cmd: OBJ SAVEPACKAGE PACKAGE="/Game/Blueprints/bpPlayer" FILE="../../../../../../Development/Udemy/UE4/SpaceShooterTemplate/Content/Blueprints/bpPlayer.uasset" SILENT=true
[2018.04.29-18.21.59:259][840]LogSavePackage: Save=115.46ms
[2018.04.29-18.21.59:259][840]LogSavePackage: Moving '../../../../../../Development/Udemy/UE4/SpaceShooterTemplate/Saved/bpPlayer0B16491244558F397CD99BB43DCA7C35.tmp' to '../../../../../../Development/Udemy/UE4/SpaceShooterTemplate/Content/Blueprints/bpPlayer.uasset'
[2018.04.29-18.21.59:260][840]LogSavePackage: Display: Finished SavePackage ../../../../../../Development/Udemy/UE4/SpaceShooterTemplate/Content/Blueprints/bpPlayer.uasset
[2018.04.29-18.22.11:001][419]LogSlate: Only BGRA pngs, bmps or icos are supported in by External Image Picker
[2018.04.29-18.22.11:150][420]LogTemp: Executing iPhonePackager certificates Engine -bundlename com.YourCompany.SpaceShooterTemplate
[2018.04.29-18.22.11:150][420]LogTemp: CWD: C:\Program Files\Epic Games\UE_4.19\Engine\Binaries\DotNET\IOS
[2018.04.29-18.22.11:150][420]LogTemp: Initial Dir: C:\Program Files\Epic Games\UE_4.19
[2018.04.29-18.22.11:150][420]LogTemp: Env CWD: C:\Program Files\Epic Games\UE_4.19\Engine\Binaries\DotNET\IOS
[2018.04.29-18.22.11:150][420]LogTemp: BranchPath = SUPERBEAST/C/Program Files/Epic Games/UE_4.19/Engine/Binaries --- GameBranchPath = SUPERBEAST/C/Program Files/Epic Games/UE_4.19/Engine/Binaries
[2018.04.29-18.22.11:150][420]LogTemp: IPP ERROR: Could not find provision directory 'C:\Users\Maximus Litvinov\AppData\Local/Apple Computer/MobileDevice/Provisioning Profiles/'.
[2018.04.29-18.23.48:721][127]BlueprintLog: New page: Compile bpPlayer
[2018.04.29-18.23.49:170][127]Cmd: OBJ SAVEPACKAGE PACKAGE="/Game/Blueprints/bpPlayer" FILE="../../../../../../Development/Udemy/UE4/SpaceShooterTemplate/Content/Blueprints/bpPlayer.uasset" SILENT=true
[2018.04.29-18.23.49:307][127]LogSavePackage: Save=127.67ms
[2018.04.29-18.23.49:307][127]LogSavePackage: Moving '../../../../../../Development/Udemy/UE4/SpaceShooterTemplate/Saved/bpPlayerD275A793410E1E75E77C14B041388120.tmp' to '../../../../../../Development/Udemy/UE4/SpaceShooterTemplate/Content/Blueprints/bpPlayer.uasset'
[2018.04.29-18.23.49:313][127]LogSavePackage: Display: Finished SavePackage ../../../../../../Development/Udemy/UE4/SpaceShooterTemplate/Content/Blueprints/bpPlayer.uasset
[2018.04.29-18.23.49:929][156]Cmd: OBJ SAVEPACKAGE PACKAGE="/Game/Blueprints/bpPlayer" FILE="../../../../../../Development/Udemy/UE4/SpaceShooterTemplate/Content/Blueprints/bpPlayer.uasset" SILENT=true
[2018.04.29-18.23.50:055][156]LogSavePackage: Save=118.63ms
[2018.04.29-18.23.50:055][156]LogSavePackage: Moving '../../../../../../Development/Udemy/UE4/SpaceShooterTemplate/Saved/bpPlayer4FE1291E4DFB70E60A9A8ABE8DF24DF7.tmp' to '../../../../../../Development/Udemy/UE4/SpaceShooterTemplate/Content/Blueprints/bpPlayer.uasset'
[2018.04.29-18.23.50:056][156]LogSavePackage: Display: Finished SavePackage ../../../../../../Development/Udemy/UE4/SpaceShooterTemplate/Content/Blueprints/bpPlayer.uasset
[2018.04.29-18.24.01:258][737]LogClass: Warning: In asset 'None', there is an enum property of type 'ECollisionEnabled' with an invalid value of ''
[2018.04.29-18.24.01:258][737]LogClass: Warning: In asset 'None', there is an enum property of type 'ECollisionEnabled' with an invalid value of ''
[2018.04.29-18.24.01:262][737]LogClass: Warning: In asset 'None', there is an enum property of type 'ECollisionChannel' with an invalid value of ''
[2018.04.29-18.24.01:262][737]LogClass: Warning: In asset 'None', there is an enum property of type 'ECollisionChannel' with an invalid value of ''
[2018.04.29-18.24.12:832][398]BlueprintLog: New page: Compile bpPlayer
[2018.04.29-18.24.13:277][398]Cmd: OBJ SAVEPACKAGE PACKAGE="/Game/Blueprints/bpPlayer" FILE="../../../../../../Development/Udemy/UE4/SpaceShooterTemplate/Content/Blueprints/bpPlayer.uasset" SILENT=true
[2018.04.29-18.24.13:413][398]LogSavePackage: Save=127.34ms
[2018.04.29-18.24.13:413][398]LogSavePackage: Moving '../../../../../../Development/Udemy/UE4/SpaceShooterTemplate/Saved/bpPlayer88C0953044E44534969BD79CA08B11D4.tmp' to '../../../../../../Development/Udemy/UE4/SpaceShooterTemplate/Content/Blueprints/bpPlayer.uasset'
[2018.04.29-18.24.13:416][398]LogSavePackage: Display: Finished SavePackage ../../../../../../Development/Udemy/UE4/SpaceShooterTemplate/Content/Blueprints/bpPlayer.uasset
[2018.04.29-18.24.15:118][488]Cmd: OBJ SAVEPACKAGE PACKAGE="/Game/Blueprints/bpPlayer" FILE="../../../../../../Development/Udemy/UE4/SpaceShooterTemplate/Content/Blueprints/bpPlayer.uasset" SILENT=true
[2018.04.29-18.24.15:305][488]LogSavePackage: Save=174.36ms
[2018.04.29-18.24.15:305][488]LogSavePackage: Moving '../../../../../../Development/Udemy/UE4/SpaceShooterTemplate/Saved/bpPlayerAEC81BB74E84A7B9DDA8F2BDAD8D8E75.tmp' to '../../../../../../Development/Udemy/UE4/SpaceShooterTemplate/Content/Blueprints/bpPlayer.uasset'
[2018.04.29-18.24.15:307][488]LogSavePackage: Display: Finished SavePackage ../../../../../../Development/Udemy/UE4/SpaceShooterTemplate/Content/Blueprints/bpPlayer.uasset
[2018.04.29-18.24.26:190][ 16]LogRenderer: Reallocating scene render targets to support 1432x924 Format 9 NumSamples 1 (Frame:1).
[2018.04.29-18.24.29:646][191]LogSlate: FSceneViewport::OnFocusLost() reason 2
[2018.04.29-18.24.42:483][935]LogSlate: FSceneViewport::OnFocusLost() reason 2
[2018.04.29-18.25.10:293][591]LogSlate: FSceneViewport::OnFocusLost() reason 0
[2018.04.29-18.25.12:883][717]Cmd: OBJ SAVEPACKAGE PACKAGE="/Game/Maps/Main" FILE="../../../../../../Development/Udemy/UE4/SpaceShooterTemplate/Content/Maps/Main.umap" SILENT=true AUTOSAVING=false KEEPDIRTY=false
[2018.04.29-18.25.12:949][717]LogSavePackage: Save=23.71ms
[2018.04.29-18.25.12:949][717]LogSavePackage: Moving '../../../../../../Development/Udemy/UE4/SpaceShooterTemplate/Saved/MainE05372FB4D1E404C65A950876AB1B8EC.tmp' to '../../../../../../Development/Udemy/UE4/SpaceShooterTemplate/Content/Maps/Main.umap'
[2018.04.29-18.25.12:951][717]LogSavePackage: Display: Finished SavePackage ../../../../../../Development/Udemy/UE4/SpaceShooterTemplate/Content/Maps/Main.umap
[2018.04.29-18.25.12:993][717]Cmd: OBJ SAVEPACKAGE PACKAGE="/Game/Maps/Main_BuiltData" FILE="../../../../../../Development/Udemy/UE4/SpaceShooterTemplate/Content/Maps/Main_BuiltData.uasset" SILENT=true
[2018.04.29-18.25.13:034][717]LogSavePackage: Save=25.91ms
[2018.04.29-18.25.13:034][717]LogSavePackage: Moving '../../../../../../Development/Udemy/UE4/SpaceShooterTemplate/Saved/Main_BuiltDataA135CA62465B31C86EA442A24838172A.tmp' to '../../../../../../Development/Udemy/UE4/SpaceShooterTemplate/Content/Maps/Main_BuiltData.uasset'
[2018.04.29-18.25.13:035][717]LogSavePackage: Display: Finished SavePackage ../../../../../../Development/Udemy/UE4/SpaceShooterTemplate/Content/Maps/Main_BuiltData.uasset
[2018.04.29-18.25.16:496][865]LogTemp: Repeating last play command: Selected Viewport
[2018.04.29-18.25.16:563][865]LogPlayLevel: PlayLevel: No blueprints needed recompiling
[2018.04.29-18.25.16:564][865]PIE: New page: PIE session: Main (Apr 29, 2018, 10:25:16 AM)
[2018.04.29-18.25.16:564][865]LogPlayLevel: Creating play world package: /Game/Maps/UEDPIE_0_Main
[2018.04.29-18.25.16:567][865]LogPlayLevel: PIE: StaticDuplicateObject took: (0.002774s)
[2018.04.29-18.25.16:569][865]LogAIModule: Creating AISystem for world Main
[2018.04.29-18.25.16:571][865]LogPlayLevel: PIE: World Init took: (0.003843s)
[2018.04.29-18.25.16:571][865]LogPlayLevel: PIE: Created PIE world by copying editor world from /Game/Maps/Main.Main to /Game/Maps/UEDPIE_0_Main.Main (0.007186s)
[2018.04.29-18.25.16:621][865]LogInit: XAudio2 using 'Speakers (Realtek High Definition Audio)' : 2 channels at 48 kHz using 32 bits per sample (channel mask 0x3)
[2018.04.29-18.25.16:637][865]LogInit: FAudioDevice initialized.
[2018.04.29-18.25.16:688][865]LogLoad: Game class is 'bpGameMode_C'
[2018.04.29-18.25.16:690][865]LogWorld: Bringing World /Game/Maps/UEDPIE_0_Main.Main up for play (max tick rate 60) at 2018.04.29-14.25.16
[2018.04.29-18.25.16:691][865]LogWorld: Bringing up level for play took: 0.000878
[2018.04.29-18.25.16:697][865]LogContentBrowser: Native class hierarchy updated for 'MovieSceneCapture' in 0.0004 seconds. Added 11 classes and 0 folders.
[2018.04.29-18.25.16:699][865]PIE: Play in editor start time for /Game/Maps/UEDPIE_0_Main 0.779
[2018.04.29-18.25.28:138][470]LogSlate: FSceneViewport::OnFocusLost() reason 0
[2018.04.29-18.25.30:397][569]LogSlate: FSceneViewport::OnFocusLost() reason 0
[2018.04.29-18.26.21:313][838]BlueprintLog: New page: Compile bpPlayer
[2018.04.29-18.26.21:764][838]Cmd: OBJ SAVEPACKAGE PACKAGE="/Game/Blueprints/bpPlayer" FILE="../../../../../../Development/Udemy/UE4/SpaceShooterTemplate/Content/Blueprints/bpPlayer.uasset" SILENT=true
[2018.04.29-18.26.21:901][838]LogSavePackage: Save=124.79ms
[2018.04.29-18.26.21:901][838]LogSavePackage: Moving '../../../../../../Development/Udemy/UE4/SpaceShooterTemplate/Saved/bpPlayer9E0A9BF045C63E50A69EF79535095F1F.tmp' to '../../../../../../Development/Udemy/UE4/SpaceShooterTemplate/Content/Blueprints/bpPlayer.uasset'
[2018.04.29-18.26.21:904][838]LogSavePackage: Display: Finished SavePackage ../../../../../../Development/Udemy/UE4/SpaceShooterTemplate/Content/Blueprints/bpPlayer.uasset
[2018.04.29-18.26.22:536][867]Cmd: OBJ SAVEPACKAGE PACKAGE="/Game/Blueprints/bpPlayer" FILE="../../../../../../Development/Udemy/UE4/SpaceShooterTemplate/Content/Blueprints/bpPlayer.uasset" SILENT=true
[2018.04.29-18.26.22:666][867]LogSavePackage: Save=118.16ms
[2018.04.29-18.26.22:666][867]LogSavePackage: Moving '../../../../../../Development/Udemy/UE4/SpaceShooterTemplate/Saved/bpPlayer82C6EDD64A56EDE92ECC9CB6286C8508.tmp' to '../../../../../../Development/Udemy/UE4/SpaceShooterTemplate/Content/Blueprints/bpPlayer.uasset'
[2018.04.29-18.26.22:668][867]LogSavePackage: Display: Finished SavePackage ../../../../../../Development/Udemy/UE4/SpaceShooterTemplate/Content/Blueprints/bpPlayer.uasset
[2018.04.29-18.26.27:116][ 74]LogTemp: Repeating last play command: Selected Viewport
[2018.04.29-18.26.27:178][ 74]LogPlayLevel: PlayLevel: No blueprints needed recompiling
[2018.04.29-18.26.27:178][ 74]PIE: New page: PIE session: Main (Apr 29, 2018, 10:26:27 AM)
[2018.04.29-18.26.27:178][ 74]LogPlayLevel: Creating play world package: /Game/Maps/UEDPIE_0_Main
[2018.04.29-18.26.27:182][ 74]LogPlayLevel: PIE: StaticDuplicateObject took: (0.003682s)
[2018.04.29-18.26.27:184][ 74]LogAIModule: Creating AISystem for world Main
[2018.04.29-18.26.27:184][ 74]LogPlayLevel: PIE: World Init took: (0.002354s)
[2018.04.29-18.26.27:185][ 74]LogPlayLevel: PIE: Created PIE world by copying editor world from /Game/Maps/Main.Main to /Game/Maps/UEDPIE_0_Main.Main (0.006507s)
[2018.04.29-18.26.27:233][ 74]LogInit: XAudio2 using 'Speakers (Realtek High Definition Audio)' : 2 channels at 48 kHz using 32 bits per sample (channel mask 0x3)
[2018.04.29-18.26.27:256][ 74]LogInit: FAudioDevice initialized.
[2018.04.29-18.26.27:296][ 74]LogLoad: Game class is 'bpGameMode_C'
[2018.04.29-18.26.27:297][ 74]LogWorld: Bringing World /Game/Maps/UEDPIE_0_Main.Main up for play (max tick rate 60) at 2018.04.29-14.26.27
[2018.04.29-18.26.27:298][ 74]LogWorld: Bringing up level for play took: 0.001180
[2018.04.29-18.26.27:300][ 74]PIE: Play in editor start time for /Game/Maps/UEDPIE_0_Main -0.619
[2018.04.29-18.27.17:689][964]LogSlate: FSceneViewport::OnFocusLost() reason 0
[2018.04.29-18.27.24:769][231]LogSlate: FSceneViewport::OnFocusLost() reason 0
[2018.04.29-18.27.36:106][875]LogSlate: FSceneViewport::OnFocusLost() reason 0
[2018.04.29-18.27.47:316][390]LogSlate: FSceneViewport::OnFocusLost() reason 2
[2018.04.29-18.27.50:507][560]LogSlate: FSceneViewport::OnFocusLost() reason 2
[2018.04.29-18.27.54:406][778]LogSlate: FSceneViewport::OnFocusLost() reason 2
[2018.04.29-18.27.56:245][879]LogSlate: FSceneViewport::OnFocusLost() reason 2
[2018.04.29-18.28.43:130][669]LogSlate: FSceneViewport::OnFocusLost() reason 2
[2018.04.29-18.29.33:677][646]LogSlate: FSceneViewport::OnFocusLost() reason 2
[2018.04.29-18.29.34:680][696]LogSlate: FSceneViewport::OnFocusLost() reason 2
[2018.04.29-18.29.37:677][862]LogSlate: FSceneViewport::OnFocusLost() reason 2
[2018.04.29-18.29.43:017][164]LogSlate: FSceneViewport::OnFocusLost() reason 2
[2018.04.29-18.29.44:929][251]LogSlate: FSceneViewport::OnFocusLost() reason 2
[2018.04.29-18.31.35:096][387]LogSlate: FSceneViewport::OnFocusLost() reason 2
[2018.04.29-18.31.44:899][953]LogSlate: FSceneViewport::OnFocusLost() reason 0
[2018.04.29-18.32.05:247][154]LogSlate: FSceneViewport::OnFocusLost() reason 0
[2018.04.29-18.32.44:526][ 98]LogSlate: FSceneViewport::OnFocusLost() reason 0
[2018.04.29-18.32.44:593][ 98]Cmd: OBJ SAVEPACKAGE PACKAGE="/Game/Art/Models/Boss" FILE="../../../../../../Development/Udemy/UE4/SpaceShooterTemplate/Content/Art/Models/Boss.uasset" SILENT=true
[2018.04.29-18.32.44:633][ 98]LogSavePackage: Save=22.35ms
[2018.04.29-18.32.44:633][ 98]LogSavePackage: Moving '../../../../../../Development/Udemy/UE4/SpaceShooterTemplate/Saved/BossC2DB9F4240A7383D81EDFF9319C0E25A.tmp' to '../../../../../../Development/Udemy/UE4/SpaceShooterTemplate/Content/Art/Models/Boss.uasset'
[2018.04.29-18.32.44:637][ 98]LogSavePackage: Display: Finished SavePackage ../../../../../../Development/Udemy/UE4/SpaceShooterTemplate/Content/Art/Models/Boss.uasset
